#
# There is insufficient memory for the Java Runtime Environment to continue.
# Native memory allocation (mmap) failed to map 65536 bytes for Failed to commit metaspace.
# Possible reasons:
#   The system is out of physical RAM or swap space
#   The process is running with CompressedOops enabled, and the Java Heap may be blocking the growth of the native heap
# Possible solutions:
#   Reduce memory load on the system
#   Increase physical memory or swap space
#   Check if swap backing store is full
#   Decrease Java heap size (-Xmx/-Xms)
#   Decrease number of Java threads
#   Decrease Java thread stack sizes (-Xss)
#   Set larger code cache with -XX:ReservedCodeCacheSize=
#   JVM is running with Unscaled Compressed Oops mode in which the Java heap is
#     placed in the first 4GB address space. The Java Heap base address is the
#     maximum limit for the native heap growth. Please use -XX:HeapBaseMinAddress
#     to set the Java Heap base and to place the Java Heap above 4GB virtual address.
# This output file may be truncated or incomplete.
#
#  Out of Memory Error (virtualSpaceNode.cpp:110), pid=9596, tid=8708
#
# JRE version: OpenJDK Runtime Environment Temurin-17.0.1+12 (17.0.1+12) (build 17.0.1+12)
# Java VM: OpenJDK 64-Bit Server VM Temurin-17.0.1+12 (17.0.1+12, mixed mode, emulated-client, tiered, compressed oops, compressed class ptrs, g1 gc, windows-amd64)
# No core dump will be written. Minidumps are not enabled by default on client versions of Windows
#

---------------  S U M M A R Y ------------

Command Line: -Dcom.sun.management.jmxremote -Dcom.sun.management.jmxremote.port=51848 -Dcom.sun.management.jmxremote.authenticate=false -Dcom.sun.management.jmxremote.ssl=false -Djava.rmi.server.hostname=localhost -Dspring.jmx.enabled=true -Dspring.application.admin.enabled=true -XX:TieredStopAtLevel=1 -Dspring.boot.project.name=blogpessoal -Dfile.encoding=UTF-8 -XX:+ShowCodeDetailsInExceptionMessages br.org.generation.blogpessoal.BlogpessoalApplication --spring.output.ansi.enabled=always

Host: Intel(R) Core(TM) i5-3330S CPU @ 2.70GHz, 4 cores, 3G,  Windows 10 , 64 bit Build 19041 (10.0.19041.1466)
Time: Tue Jan 18 13:20:53 2022 Hora oficial do Brasil elapsed time: 0.530124 seconds (0d 0h 0m 0s)

---------------  T H R E A D  ---------------

Current thread (0x000002302e75bd90):  JavaThread "main" [_thread_in_vm, id=8708, stack(0x0000009cc3000000,0x0000009cc3100000)]

Stack: [0x0000009cc3000000,0x0000009cc3100000]
Native frames: (J=compiled Java code, j=interpreted, Vv=VM code, C=native code)
V  [jvm.dll+0x6744da]
V  [jvm.dll+0x82e144]
V  [jvm.dll+0x82f8ee]
V  [jvm.dll+0x82ff53]
V  [jvm.dll+0x245175]
V  [jvm.dll+0x82a0eb]
V  [jvm.dll+0x619566]
V  [jvm.dll+0x1bff1e]
V  [jvm.dll+0x61beb1]
V  [jvm.dll+0x619f06]
V  [jvm.dll+0x36ada2]
V  [jvm.dll+0x1e1aeb]
V  [jvm.dll+0x53b179]
V  [jvm.dll+0x7a94fd]
V  [jvm.dll+0x7a945a]
V  [jvm.dll+0x40c674]
V  [jvm.dll+0x41ff5b]
C  [java.dll+0x1657]

Java frames: (J=compiled Java code, j=interpreted, Vv=VM code)
j  java.lang.ClassLoader.defineClass0(Ljava/lang/ClassLoader;Ljava/lang/Class;Ljava/lang/String;[BIILjava/security/ProtectionDomain;ZILjava/lang/Object;)Ljava/lang/Class;+0 java.base@17.0.1
j  java.lang.System$2.defineClass(Ljava/lang/ClassLoader;Ljava/lang/Class;Ljava/lang/String;[BLjava/security/ProtectionDomain;ZILjava/lang/Object;)Ljava/lang/Class;+17 java.base@17.0.1
j  java.lang.invoke.MethodHandles$Lookup$ClassDefiner.defineClass(ZLjava/lang/Object;)Ljava/lang/Class;+54 java.base@17.0.1
j  java.lang.invoke.InvokerBytecodeGenerator.loadMethod([B)Ljava/lang/invoke/MemberName;+16 java.base@17.0.1
j  java.lang.invoke.InvokerBytecodeGenerator.generateCustomizedCode(Ljava/lang/invoke/LambdaForm;Ljava/lang/invoke/MethodType;)Ljava/lang/invoke/MemberName;+30 java.base@17.0.1
j  java.lang.invoke.LambdaForm.compileToBytecode()V+69 java.base@17.0.1
j  java.lang.invoke.DirectMethodHandle.makePreparedLambdaForm(Ljava/lang/invoke/MethodType;I)Ljava/lang/invoke/LambdaForm;+792 java.base@17.0.1
j  java.lang.invoke.DirectMethodHandle.preparedLambdaForm(Ljava/lang/invoke/MethodType;I)Ljava/lang/invoke/LambdaForm;+17 java.base@17.0.1
j  java.lang.invoke.DirectMethodHandle.preparedLambdaForm(Ljava/lang/invoke/MemberName;Z)Ljava/lang/invoke/LambdaForm;+139 java.base@17.0.1
j  java.lang.invoke.DirectMethodHandle.preparedLambdaForm(Ljava/lang/invoke/MemberName;)Ljava/lang/invoke/LambdaForm;+2 java.base@17.0.1
j  java.lang.invoke.DirectMethodHandle.make(BLjava/lang/Class;Ljava/lang/invoke/MemberName;Ljava/lang/Class;)Ljava/lang/invoke/DirectMethodHandle;+163 java.base@17.0.1
j  java.lang.invoke.MethodHandles$Lookup.getDirectMethodCommon(BLjava/lang/Class;Ljava/lang/invoke/MemberName;ZZLjava/lang/invoke/MethodHandles$Lookup;)Ljava/lang/invoke/MethodHandle;+210 java.base@17.0.1
j  java.lang.invoke.MethodHandles$Lookup.getDirectMethodNoSecurityManager(BLjava/lang/Class;Ljava/lang/invoke/MemberName;Ljava/lang/invoke/MethodHandles$Lookup;)Ljava/lang/invoke/MethodHandle;+14 java.base@17.0.1
j  java.lang.invoke.MethodHandles$Lookup.getDirectMethodForConstant(BLjava/lang/Class;Ljava/lang/invoke/MemberName;)Ljava/lang/invoke/MethodHandle;+31 java.base@17.0.1
j  java.lang.invoke.MethodHandles$Lookup.linkMethodHandleConstant(BLjava/lang/Class;Ljava/lang/String;Ljava/lang/Object;)Ljava/lang/invoke/MethodHandle;+153 java.base@17.0.1
j  java.lang.invoke.MethodHandleNatives.linkMethodHandleConstant(Ljava/lang/Class;ILjava/lang/Class;Ljava/lang/String;Ljava/lang/Object;)Ljava/lang/invoke/MethodHandle;+38 java.base@17.0.1
v  ~StubRoutines::call_stub
j  sun.security.provider.AbstractDrbg.<clinit>()V+12 java.base@17.0.1
v  ~StubRoutines::call_stub
j  sun.security.provider.DRBG.createImpl()V+125 java.base@17.0.1
j  sun.security.provider.DRBG.<init>(Ljava/security/SecureRandomParameters;)V+843 java.base@17.0.1
v  ~StubRoutines::call_stub
j  jdk.internal.reflect.NativeConstructorAccessorImpl.newInstance0(Ljava/lang/reflect/Constructor;[Ljava/lang/Object;)Ljava/lang/Object;+0 java.base@17.0.1
j  jdk.internal.reflect.NativeConstructorAccessorImpl.newInstance([Ljava/lang/Object;)Ljava/lang/Object;+118 java.base@17.0.1
j  jdk.internal.reflect.DelegatingConstructorAccessorImpl.newInstance([Ljava/lang/Object;)Ljava/lang/Object;+5 java.base@17.0.1
j  java.lang.reflect.Constructor.newInstanceWithCaller([Ljava/lang/Object;ZLjava/lang/Class;)Ljava/lang/Object;+65 java.base@17.0.1
j  java.lang.reflect.Constructor.newInstance([Ljava/lang/Object;)Ljava/lang/Object;+30 java.base@17.0.1
j  java.security.Provider$Service.newInstanceUtil(Ljava/lang/Class;Ljava/lang/Object;)Ljava/lang/Object;+34 java.base@17.0.1
j  java.security.Provider$Service.newInstance(Ljava/lang/Object;)Ljava/lang/Object;+227 java.base@17.0.1
j  java.security.SecureRandom.getDefaultPRNG(Z[B)V+125 java.base@17.0.1
j  java.security.SecureRandom.<init>()V+23 java.base@17.0.1
j  java.rmi.server.UID.<init>()V+20 java.rmi@17.0.1
j  java.rmi.server.ObjID.<clinit>()V+14 java.rmi@17.0.1
v  ~StubRoutines::call_stub
j  sun.rmi.transport.LiveRef.<init>(I)V+1 java.rmi@17.0.1
j  sun.management.jmxremote.ConnectorBootstrap$PermanentExporter.exportObject(Ljava/rmi/Remote;ILjava/rmi/server/RMIClientSocketFactory;Ljava/rmi/server/RMIServerSocketFactory;Ljava/io/ObjectInputFilter;)Ljava/rmi/Remote;+49 jdk.management.agent@17.0.1
j  javax.management.remote.rmi.RMIJRMPServerImpl.export(Ljava/rmi/Remote;Ljava/io/ObjectInputFilter;)V+62 java.management.rmi@17.0.1
j  javax.management.remote.rmi.RMIJRMPServerImpl.export()V+6 java.management.rmi@17.0.1
j  javax.management.remote.rmi.RMIConnectorServer.start()V+257 java.management.rmi@17.0.1
j  sun.management.jmxremote.ConnectorBootstrap.exportMBeanServer(Ljavax/management/MBeanServer;IIZZLjava/lang/String;[Ljava/lang/String;[Ljava/lang/String;ZZLjava/lang/String;Ljava/lang/String;ZLjava/lang/String;Ljava/lang/String;Ljava/lang/String;)Lsun/management/jmxremote/ConnectorBootstrap$JMXConnectorServerData;+348 jdk.management.agent@17.0.1
j  sun.management.jmxremote.ConnectorBootstrap.startRemoteConnectorServer(Ljava/lang/String;Ljava/util/Properties;)Ljavax/management/remote/JMXConnectorServer;+620 jdk.management.agent@17.0.1
j  jdk.internal.agent.Agent.startAgent(Ljava/util/Properties;)V+48 jdk.management.agent@17.0.1
j  jdk.internal.agent.Agent.startAgent()V+20 jdk.management.agent@17.0.1
v  ~StubRoutines::call_stub

---------------  P R O C E S S  ---------------

Threads class SMR info:
_java_thread_list=0x000002303a2a06c0, length=13, elements={
0x000002302e75bd90, 0x000002303966c960, 0x000002303966d6a0, 0x0000023039698360,
0x00000230396b5410, 0x00000230396b5cd0, 0x00000230396b6590, 0x00000230396b6e50,
0x000002303a144830, 0x000002303960e220, 0x000002303a1eb0a0, 0x000002303a1eb5b0,
0x000002303a2c6c00
}

Java Threads: ( => current thread )
=>0x000002302e75bd90 JavaThread "main" [_thread_in_vm, id=8708, stack(0x0000009cc3000000,0x0000009cc3100000)]
  0x000002303966c960 JavaThread "Reference Handler" daemon [_thread_blocked, id=2236, stack(0x0000009cc3700000,0x0000009cc3800000)]
  0x000002303966d6a0 JavaThread "Finalizer" daemon [_thread_blocked, id=9472, stack(0x0000009cc3800000,0x0000009cc3900000)]
  0x0000023039698360 JavaThread "Signal Dispatcher" daemon [_thread_blocked, id=9696, stack(0x0000009cc3900000,0x0000009cc3a00000)]
  0x00000230396b5410 JavaThread "Attach Listener" daemon [_thread_blocked, id=7716, stack(0x0000009cc3a00000,0x0000009cc3b00000)]
  0x00000230396b5cd0 JavaThread "Service Thread" daemon [_thread_blocked, id=6840, stack(0x0000009cc3b00000,0x0000009cc3c00000)]
  0x00000230396b6590 JavaThread "Monitor Deflation Thread" daemon [_thread_blocked, id=5320, stack(0x0000009cc3c00000,0x0000009cc3d00000)]
  0x00000230396b6e50 JavaThread "C1 CompilerThread0" daemon [_thread_blocked, id=3744, stack(0x0000009cc3d00000,0x0000009cc3e00000)]
  0x000002303a144830 JavaThread "Sweeper thread" daemon [_thread_blocked, id=8200, stack(0x0000009cc3e00000,0x0000009cc3f00000)]
  0x000002303960e220 JavaThread "Common-Cleaner" daemon [_thread_blocked, id=8208, stack(0x0000009cc3f00000,0x0000009cc4000000)]
  0x000002303a1eb0a0 JavaThread "C1 CompilerThread1" daemon [_thread_blocked, id=7320, stack(0x0000009cc4000000,0x0000009cc4100000)]
  0x000002303a1eb5b0 JavaThread "C1 CompilerThread2" daemon [_thread_blocked, id=10200, stack(0x0000009cc4100000,0x0000009cc4200000)]
  0x000002303a2c6c00 JavaThread "Notification Thread" daemon [_thread_blocked, id=10216, stack(0x0000009cc4200000,0x0000009cc4300000)]

Other Threads:
  0x0000023039628c20 VMThread "VM Thread" [stack: 0x0000009cc3600000,0x0000009cc3700000] [id=8412]
  0x000002302e78c150 GCTaskThread "GC Thread#0" [stack: 0x0000009cc3100000,0x0000009cc3200000] [id=1192]
  0x000002302e7954e0 ConcurrentGCThread "G1 Main Marker" [stack: 0x0000009cc3200000,0x0000009cc3300000] [id=3540]
  0x000002302e795ca0 ConcurrentGCThread "G1 Conc#0" [stack: 0x0000009cc3300000,0x0000009cc3400000] [id=2024]
  0x000002302e81e5d0 ConcurrentGCThread "G1 Refine#0" [stack: 0x0000009cc3400000,0x0000009cc3500000] [id=2168]
  0x000002302e81eda0 ConcurrentGCThread "G1 Service" [stack: 0x0000009cc3500000,0x0000009cc3600000] [id=9668]

Threads with active compile tasks:

VM state: not at safepoint (normal execution)

VM Mutex/Monitor currently owned by a thread:  ([mutex/lock_event])
[0x000002302e756100] Metaspace_lock - owner thread: 0x000002302e75bd90

Heap address: 0x00000000c0800000, size: 1016 MB, Compressed Oops mode: 32-bit

CDS archive(s) not mapped
Compressed class space mapped at: 0x0000000100000000-0x0000000140000000, reserved size: 1073741824
Narrow klass base: 0x0000000000000000, Narrow klass shift: 3, Narrow klass range: 0x140000000

GC Precious Log:
 CPUs: 4 total, 4 available
 Memory: 4061M
 Large Page Support: Disabled
 NUMA Support: Disabled
 Compressed Oops: Enabled (32-bit)
 Heap Region Size: 1M
 Heap Min Capacity: 8M
 Heap Initial Capacity: 64M
 Heap Max Capacity: 1016M
 Pre-touch: Disabled
 Parallel Workers: 4
 Concurrent Workers: 1
 Concurrent Refinement Workers: 4
 Periodic GC: Disabled

Heap:
 garbage-first heap   total 65536K, used 9216K [0x00000000c0800000, 0x0000000100000000)
  region size 1024K, 10 young (10240K), 0 survivors (0K)
 Metaspace       used 10475K, committed 10624K, reserved 1064960K
  class space    used 1028K, committed 1088K, reserved 1048576K

Heap Regions: E=young(eden), S=young(survivor), O=old, HS=humongous(starts), HC=humongous(continues), CS=collection set, F=free, OA=open archive, CA=closed archive, TAMS=top-at-mark-start (previous, next)
|   0|0x00000000c0800000, 0x00000000c0900000, 0x00000000c0900000|100%|HS|  |TAMS 0x00000000c0800000, 0x00000000c0800000| Complete 
|   1|0x00000000c0900000, 0x00000000c0900000, 0x00000000c0a00000|  0%| F|  |TAMS 0x00000000c0900000, 0x00000000c0900000| Untracked 
|   2|0x00000000c0a00000, 0x00000000c0a00000, 0x00000000c0b00000|  0%| F|  |TAMS 0x00000000c0a00000, 0x00000000c0a00000| Untracked 
|   3|0x00000000c0b00000, 0x00000000c0b00000, 0x00000000c0c00000|  0%| F|  |TAMS 0x00000000c0b00000, 0x00000000c0b00000| Untracked 
|   4|0x00000000c0c00000, 0x00000000c0c00000, 0x00000000c0d00000|  0%| F|  |TAMS 0x00000000c0c00000, 0x00000000c0c00000| Untracked 
|   5|0x00000000c0d00000, 0x00000000c0d00000, 0x00000000c0e00000|  0%| F|  |TAMS 0x00000000c0d00000, 0x00000000c0d00000| Untracked 
|   6|0x00000000c0e00000, 0x00000000c0e00000, 0x00000000c0f00000|  0%| F|  |TAMS 0x00000000c0e00000, 0x00000000c0e00000| Untracked 
|   7|0x00000000c0f00000, 0x00000000c0f00000, 0x00000000c1000000|  0%| F|  |TAMS 0x00000000c0f00000, 0x00000000c0f00000| Untracked 
|   8|0x00000000c1000000, 0x00000000c1000000, 0x00000000c1100000|  0%| F|  |TAMS 0x00000000c1000000, 0x00000000c1000000| Untracked 
|   9|0x00000000c1100000, 0x00000000c1100000, 0x00000000c1200000|  0%| F|  |TAMS 0x00000000c1100000, 0x00000000c1100000| Untracked 
|  10|0x00000000c1200000, 0x00000000c1200000, 0x00000000c1300000|  0%| F|  |TAMS 0x00000000c1200000, 0x00000000c1200000| Untracked 
|  11|0x00000000c1300000, 0x00000000c1300000, 0x00000000c1400000|  0%| F|  |TAMS 0x00000000c1300000, 0x00000000c1300000| Untracked 
|  12|0x00000000c1400000, 0x00000000c1400000, 0x00000000c1500000|  0%| F|  |TAMS 0x00000000c1400000, 0x00000000c1400000| Untracked 
|  13|0x00000000c1500000, 0x00000000c1500000, 0x00000000c1600000|  0%| F|  |TAMS 0x00000000c1500000, 0x00000000c1500000| Untracked 
|  14|0x00000000c1600000, 0x00000000c1600000, 0x00000000c1700000|  0%| F|  |TAMS 0x00000000c1600000, 0x00000000c1600000| Untracked 
|  15|0x00000000c1700000, 0x00000000c1700000, 0x00000000c1800000|  0%| F|  |TAMS 0x00000000c1700000, 0x00000000c1700000| Untracked 
|  16|0x00000000c1800000, 0x00000000c1800000, 0x00000000c1900000|  0%| F|  |TAMS 0x00000000c1800000, 0x00000000c1800000| Untracked 
|  17|0x00000000c1900000, 0x00000000c1900000, 0x00000000c1a00000|  0%| F|  |TAMS 0x00000000c1900000, 0x00000000c1900000| Untracked 
|  18|0x00000000c1a00000, 0x00000000c1a00000, 0x00000000c1b00000|  0%| F|  |TAMS 0x00000000c1a00000, 0x00000000c1a00000| Untracked 
|  19|0x00000000c1b00000, 0x00000000c1b00000, 0x00000000c1c00000|  0%| F|  |TAMS 0x00000000c1b00000, 0x00000000c1b00000| Untracked 
|  20|0x00000000c1c00000, 0x00000000c1c00000, 0x00000000c1d00000|  0%| F|  |TAMS 0x00000000c1c00000, 0x00000000c1c00000| Untracked 
|  21|0x00000000c1d00000, 0x00000000c1d00000, 0x00000000c1e00000|  0%| F|  |TAMS 0x00000000c1d00000, 0x00000000c1d00000| Untracked 
|  22|0x00000000c1e00000, 0x00000000c1e00000, 0x00000000c1f00000|  0%| F|  |TAMS 0x00000000c1e00000, 0x00000000c1e00000| Untracked 
|  23|0x00000000c1f00000, 0x00000000c1f00000, 0x00000000c2000000|  0%| F|  |TAMS 0x00000000c1f00000, 0x00000000c1f00000| Untracked 
|  24|0x00000000c2000000, 0x00000000c2000000, 0x00000000c2100000|  0%| F|  |TAMS 0x00000000c2000000, 0x00000000c2000000| Untracked 
|  25|0x00000000c2100000, 0x00000000c2100000, 0x00000000c2200000|  0%| F|  |TAMS 0x00000000c2100000, 0x00000000c2100000| Untracked 
|  26|0x00000000c2200000, 0x00000000c2200000, 0x00000000c2300000|  0%| F|  |TAMS 0x00000000c2200000, 0x00000000c2200000| Untracked 
|  27|0x00000000c2300000, 0x00000000c2300000, 0x00000000c2400000|  0%| F|  |TAMS 0x00000000c2300000, 0x00000000c2300000| Untracked 
|  28|0x00000000c2400000, 0x00000000c2400000, 0x00000000c2500000|  0%| F|  |TAMS 0x00000000c2400000, 0x00000000c2400000| Untracked 
|  29|0x00000000c2500000, 0x00000000c2500000, 0x00000000c2600000|  0%| F|  |TAMS 0x00000000c2500000, 0x00000000c2500000| Untracked 
|  30|0x00000000c2600000, 0x00000000c2600000, 0x00000000c2700000|  0%| F|  |TAMS 0x00000000c2600000, 0x00000000c2600000| Untracked 
|  31|0x00000000c2700000, 0x00000000c2700000, 0x00000000c2800000|  0%| F|  |TAMS 0x00000000c2700000, 0x00000000c2700000| Untracked 
|  32|0x00000000c2800000, 0x00000000c2800000, 0x00000000c2900000|  0%| F|  |TAMS 0x00000000c2800000, 0x00000000c2800000| Untracked 
|  33|0x00000000c2900000, 0x00000000c2900000, 0x00000000c2a00000|  0%| F|  |TAMS 0x00000000c2900000, 0x00000000c2900000| Untracked 
|  34|0x00000000c2a00000, 0x00000000c2a00000, 0x00000000c2b00000|  0%| F|  |TAMS 0x00000000c2a00000, 0x00000000c2a00000| Untracked 
|  35|0x00000000c2b00000, 0x00000000c2b00000, 0x00000000c2c00000|  0%| F|  |TAMS 0x00000000c2b00000, 0x00000000c2b00000| Untracked 
|  36|0x00000000c2c00000, 0x00000000c2c00000, 0x00000000c2d00000|  0%| F|  |TAMS 0x00000000c2c00000, 0x00000000c2c00000| Untracked 
|  37|0x00000000c2d00000, 0x00000000c2d00000, 0x00000000c2e00000|  0%| F|  |TAMS 0x00000000c2d00000, 0x00000000c2d00000| Untracked 
|  38|0x00000000c2e00000, 0x00000000c2e00000, 0x00000000c2f00000|  0%| F|  |TAMS 0x00000000c2e00000, 0x00000000c2e00000| Untracked 
|  39|0x00000000c2f00000, 0x00000000c2f00000, 0x00000000c3000000|  0%| F|  |TAMS 0x00000000c2f00000, 0x00000000c2f00000| Untracked 
|  40|0x00000000c3000000, 0x00000000c3000000, 0x00000000c3100000|  0%| F|  |TAMS 0x00000000c3000000, 0x00000000c3000000| Untracked 
|  41|0x00000000c3100000, 0x00000000c3100000, 0x00000000c3200000|  0%| F|  |TAMS 0x00000000c3100000, 0x00000000c3100000| Untracked 
|  42|0x00000000c3200000, 0x00000000c3200000, 0x00000000c3300000|  0%| F|  |TAMS 0x00000000c3200000, 0x00000000c3200000| Untracked 
|  43|0x00000000c3300000, 0x00000000c3300000, 0x00000000c3400000|  0%| F|  |TAMS 0x00000000c3300000, 0x00000000c3300000| Untracked 
|  44|0x00000000c3400000, 0x00000000c3400000, 0x00000000c3500000|  0%| F|  |TAMS 0x00000000c3400000, 0x00000000c3400000| Untracked 
|  45|0x00000000c3500000, 0x00000000c3500000, 0x00000000c3600000|  0%| F|  |TAMS 0x00000000c3500000, 0x00000000c3500000| Untracked 
|  46|0x00000000c3600000, 0x00000000c3600000, 0x00000000c3700000|  0%| F|  |TAMS 0x00000000c3600000, 0x00000000c3600000| Untracked 
|  47|0x00000000c3700000, 0x00000000c3700000, 0x00000000c3800000|  0%| F|  |TAMS 0x00000000c3700000, 0x00000000c3700000| Untracked 
|  48|0x00000000c3800000, 0x00000000c3800000, 0x00000000c3900000|  0%| F|  |TAMS 0x00000000c3800000, 0x00000000c3800000| Untracked 
|  49|0x00000000c3900000, 0x00000000c3900000, 0x00000000c3a00000|  0%| F|  |TAMS 0x00000000c3900000, 0x00000000c3900000| Untracked 
|  50|0x00000000c3a00000, 0x00000000c3a00000, 0x00000000c3b00000|  0%| F|  |TAMS 0x00000000c3a00000, 0x00000000c3a00000| Untracked 
|  51|0x00000000c3b00000, 0x00000000c3b00000, 0x00000000c3c00000|  0%| F|  |TAMS 0x00000000c3b00000, 0x00000000c3b00000| Untracked 
|  52|0x00000000c3c00000, 0x00000000c3c00000, 0x00000000c3d00000|  0%| F|  |TAMS 0x00000000c3c00000, 0x00000000c3c00000| Untracked 
|  53|0x00000000c3d00000, 0x00000000c3d00000, 0x00000000c3e00000|  0%| F|  |TAMS 0x00000000c3d00000, 0x00000000c3d00000| Untracked 
|  54|0x00000000c3e00000, 0x00000000c3ec8358, 0x00000000c3f00000| 78%| E|  |TAMS 0x00000000c3e00000, 0x00000000c3e00000| Complete 
|  55|0x00000000c3f00000, 0x00000000c4000000, 0x00000000c4000000|100%| E|CS|TAMS 0x00000000c3f00000, 0x00000000c3f00000| Complete 
|  56|0x00000000c4000000, 0x00000000c4100000, 0x00000000c4100000|100%| E|CS|TAMS 0x00000000c4000000, 0x00000000c4000000| Complete 
|  57|0x00000000c4100000, 0x00000000c4200000, 0x00000000c4200000|100%| E|CS|TAMS 0x00000000c4100000, 0x00000000c4100000| Complete 
|  58|0x00000000c4200000, 0x00000000c4300000, 0x00000000c4300000|100%| E|CS|TAMS 0x00000000c4200000, 0x00000000c4200000| Complete 
|  59|0x00000000c4300000, 0x00000000c4400000, 0x00000000c4400000|100%| E|CS|TAMS 0x00000000c4300000, 0x00000000c4300000| Complete 
|  60|0x00000000c4400000, 0x00000000c4500000, 0x00000000c4500000|100%| E|CS|TAMS 0x00000000c4400000, 0x00000000c4400000| Complete 
|  61|0x00000000c4500000, 0x00000000c4600000, 0x00000000c4600000|100%| E|  |TAMS 0x00000000c4500000, 0x00000000c4500000| Complete 
|  62|0x00000000c4600000, 0x00000000c4700000, 0x00000000c4700000|100%| E|CS|TAMS 0x00000000c4600000, 0x00000000c4600000| Complete 
|  63|0x00000000c4700000, 0x00000000c4800000, 0x00000000c4800000|100%| E|CS|TAMS 0x00000000c4700000, 0x00000000c4700000| Complete 

Card table byte_map: [0x0000023034e00000,0x0000023035000000] _byte_map_base: 0x00000230347fc000

Marking Bits (Prev, Next): (CMBitMap*) 0x000002302e78c510, (CMBitMap*) 0x000002302e78c550
 Prev Bits: [0x0000023035200000, 0x00000230361e0000)
 Next Bits: [0x00000230361e0000, 0x00000230371c0000)

Polling page: 0x000002302c700000

Metaspace:

Usage:
  Non-class:      9.23 MB used.
      Class:      1.00 MB used.
       Both:     10.23 MB used.

Virtual space:
  Non-class space:       16.00 MB reserved,       9.31 MB ( 58%) committed,  2 nodes.
      Class space:        1.00 GB reserved,       1.06 MB ( <1%) committed,  1 nodes.
             Both:        1.02 GB reserved,      10.38 MB ( <1%) committed. 

Chunk freelists:
   Non-Class:  2.49 MB
       Class:  2.75 MB
        Both:  5.24 MB

MaxMetaspaceSize: unlimited
CompressedClassSpaceSize: 1.00 GB
Initial GC threshold: 21.00 MB
Current GC threshold: 21.00 MB
CDS: off
MetaspaceReclaimPolicy: balanced
 - commit_granule_bytes: 65536.
 - commit_granule_words: 8192.
 - virtual_space_node_default_size: 1048576.
 - enlarge_chunks_in_place: 1.
 - new_chunks_are_fully_committed: 0.
 - uncommit_free_chunks: 1.
 - use_allocation_guard: 0.
 - handle_deallocations: 1.


Internal statistics:

num_allocs_failed_limit: 0.
num_arena_births: 66.
num_arena_deaths: 0.
num_vsnodes_births: 3.
num_vsnodes_deaths: 0.
num_space_committed: 166.
num_space_uncommitted: 0.
num_chunks_returned_to_freelist: 0.
num_chunks_taken_from_freelist: 100.
num_chunk_merges: 0.
num_chunk_splits: 54.
num_chunks_enlarged: 28.
num_purges: 0.
num_inconsistent_stats: 0.

CodeCache: size=49152Kb used=3161Kb max_used=3161Kb free=45990Kb
 bounds [0x0000023031e00000, 0x0000023032120000, 0x0000023034e00000]
 total_blobs=1152 nmethods=731 adapters=347
 compilation: enabled
              stopped_count=0, restarted_count=0
 full_count=0

Compilation events (20 events):
Event: 0.522 Thread 0x00000230396b6e50  721       1       java.util.Objects::nonNull (10 bytes)
Event: 0.523 Thread 0x00000230396b6e50 nmethod 721 0x000002303210fd90 code [0x000002303210ff20, 0x000002303210ffd8]
Event: 0.523 Thread 0x00000230396b6e50  722       1       sun.security.util.KnownOIDs::register (349 bytes)
Event: 0.523 Thread 0x000002303a1eb5b0 nmethod 720 0x0000023032110090 code [0x0000023032110240, 0x0000023032110398]
Event: 0.523 Thread 0x000002303a1eb0a0  723       1       java.util.ArrayList::grow (60 bytes)
Event: 0.523 Thread 0x000002303a1eb0a0 nmethod 723 0x0000023032110410 code [0x00000230321105c0, 0x00000230321108d8]
Event: 0.525 Thread 0x000002303a1eb5b0  724  s    1       java.util.Properties::put (10 bytes)
Event: 0.525 Thread 0x000002303a1eb5b0 nmethod 724 0x0000023032110a10 code [0x0000023032110ba0, 0x0000023032110d48]
Event: 0.525 Thread 0x000002303a1eb5b0  725       1       java.util.HashMap::entrySet (27 bytes)
Event: 0.525 Thread 0x000002303a1eb0a0  726       1       java.util.HashMap$EntrySet::iterator (12 bytes)
Event: 0.525 Thread 0x000002303a1eb5b0 nmethod 725 0x0000023032110e10 code [0x0000023032110fa0, 0x0000023032111198]
Event: 0.525 Thread 0x000002303a1eb0a0 nmethod 726 0x0000023032111210 code [0x00000230321113a0, 0x0000023032111548]
Event: 0.525 Thread 0x00000230396b6e50 nmethod 722 0x0000023032111610 code [0x0000023032111be0, 0x0000023032113a98]
Event: 0.525 Thread 0x00000230396b6e50  727       1       java.util.HashMap$EntryIterator::<init> (11 bytes)
Event: 0.525 Thread 0x00000230396b6e50 nmethod 727 0x0000023032114a10 code [0x0000023032114ba0, 0x0000023032114cc8]
Event: 0.526 Thread 0x000002303a1eb5b0  728       1       java.lang.Class::getReflectionFactory (26 bytes)
Event: 0.526 Thread 0x000002303a1eb0a0  729       1       java.lang.invoke.MethodHandles$Lookup::isClassAccessible (53 bytes)
Event: 0.526 Thread 0x000002303a1eb5b0 nmethod 728 0x0000023032114d90 code [0x0000023032114f40, 0x0000023032115138]
Event: 0.526 Thread 0x000002303a1eb0a0 nmethod 729 0x0000023032115290 code [0x0000023032115460, 0x00000230321156b8]
Event: 0.528 Thread 0x000002303a1eb5b0  731       1       jdk.internal.org.objectweb.asm.Frame::setLocal (65 bytes)

GC Heap History (0 events):
No events

Deoptimization events (0 events):
No events

Classes unloaded (0 events):
No events

Classes redefined (0 events):
No events

Internal exceptions (7 events):
Event: 0.329 Thread 0x000002302e75bd90 Exception <a 'java/lang/NoSuchMethodError'{0x00000000c4005b18}: 'java.lang.Object java.lang.invoke.DirectMethodHandle$Holder.invokeStaticInit(java.lang.Object)'> (0x00000000c4005b18) 
thrown [e:\jenkins\tmp\workspace\build\src\src\hotspot\share\interpreter\linkResolver.cpp, line 766]
Event: 0.353 Thread 0x000002302e75bd90 Exception <a 'java/lang/NoSuchMethodError'{0x00000000c40218f8}: 'int java.lang.invoke.DirectMethodHandle$Holder.invokeInterface(java.lang.Object, java.lang.Object)'> (0x00000000c40218f8) 
thrown [e:\jenkins\tmp\workspace\build\src\src\hotspot\share\interpreter\linkResolver.cpp, line 766]
Event: 0.354 Thread 0x000002302e75bd90 Exception <a 'java/lang/IncompatibleClassChangeError'{0x00000000c4024ef8}: Found class java.lang.Object, but interface was expected> (0x00000000c4024ef8) 
thrown [e:\jenkins\tmp\workspace\build\src\src\hotspot\share\interpreter\linkResolver.cpp, line 833]
Event: 0.355 Thread 0x000002302e75bd90 Exception <a 'java/lang/NoSuchMethodError'{0x00000000c402aaa8}: 'void java.lang.invoke.DirectMethodHandle$Holder.invokeStatic(java.lang.Object, java.lang.Object)'> (0x00000000c402aaa8) 
thrown [e:\jenkins\tmp\workspace\build\src\src\hotspot\share\interpreter\linkResolver.cpp, line 766]
Event: 0.410 Thread 0x000002302e75bd90 Exception <a 'java/lang/NoSuchMethodError'{0x00000000c40f8b58}: 'int java.lang.invoke.DirectMethodHandle$Holder.invokeSpecial(java.lang.Object, java.lang.Object, java.lang.Object)'> (0x00000000c40f8b58) 
thrown [e:\jenkins\tmp\workspace\build\src\src\hotspot\share\interpreter\linkResolver.cpp, line 766]
Event: 0.466 Thread 0x000002302e75bd90 Exception <a 'java/lang/NoSuchMethodError'{0x00000000c3e03060}: 'void java.lang.invoke.DirectMethodHandle$Holder.invokeStatic(java.lang.Object, java.lang.Object, java.lang.Object)'> (0x00000000c3e03060) 
thrown [e:\jenkins\tmp\workspace\build\src\src\hotspot\share\interpreter\linkResolver.cpp, line 766]
Event: 0.496 Thread 0x000002302e75bd90 Exception <a 'java/lang/NoSuchMethodError'{0x00000000c3e4d898}: 'int java.lang.invoke.DirectMethodHandle$Holder.invokeSpecialIFC(java.lang.Object, java.lang.Object, java.lang.Object)'> (0x00000000c3e4d898) 
thrown [e:\jenkins\tmp\workspace\build\src\src\hotspot\share\interpreter\linkResolver.cpp, line 766]

VM Operations (6 events):
Event: 0.201 Executing VM operation: HandshakeAllThreads
Event: 0.201 Executing VM operation: HandshakeAllThreads done
Event: 0.478 Executing VM operation: HandshakeAllThreads
Event: 0.478 Executing VM operation: HandshakeAllThreads done
Event: 0.513 Executing VM operation: HandshakeAllThreads
Event: 0.513 Executing VM operation: HandshakeAllThreads done

Events (20 events):
Event: 0.525 loading class sun/security/provider/DRBG
Event: 0.526 loading class java/security/SecureRandomSpi
Event: 0.526 loading class java/security/SecureRandomSpi done
Event: 0.526 loading class sun/security/provider/DRBG done
Event: 0.526 loading class java/security/DrbgParameters$Capability
Event: 0.527 loading class java/security/DrbgParameters$Capability done
Event: 0.527 loading class sun/security/provider/MoreDrbgParameters
Event: 0.527 loading class sun/security/provider/MoreDrbgParameters done
Event: 0.527 loading class java/security/DrbgParameters
Event: 0.527 loading class java/security/DrbgParameters done
Event: 0.527 loading class java/security/DrbgParameters$Instantiation
Event: 0.527 loading class java/security/DrbgParameters$Instantiation done
Event: 0.527 loading class sun/security/provider/HashDrbg
Event: 0.527 loading class sun/security/provider/AbstractHashDrbg
Event: 0.527 loading class sun/security/provider/AbstractDrbg
Event: 0.527 loading class sun/security/provider/AbstractDrbg done
Event: 0.527 loading class sun/security/provider/AbstractHashDrbg done
Event: 0.527 loading class sun/security/provider/HashDrbg done
Event: 0.528 loading class sun/security/provider/EntropySource
Event: 0.528 loading class sun/security/provider/EntropySource done


Dynamic libraries:
0x00007ff6dee50000 - 0x00007ff6dee5e000 	C:\Users\Gabriel\Desktop\SpringToolsSuite4\sts-4.13.0.RELEASE\plugins\org.eclipse.justj.openjdk.hotspot.jre.full.win32.x86_64_17.0.1.v20211116-1657\jre\bin\javaw.exe
0x00007ff8b67b0000 - 0x00007ff8b69a5000 	C:\WINDOWS\SYSTEM32\ntdll.dll
0x00007ff8b5740000 - 0x00007ff8b57fe000 	C:\WINDOWS\System32\KERNEL32.DLL
0x00007ff8b41d0000 - 0x00007ff8b4498000 	C:\WINDOWS\System32\KERNELBASE.dll
0x00007ff8b4030000 - 0x00007ff8b4130000 	C:\WINDOWS\System32\ucrtbase.dll
0x00007ff8a2480000 - 0x00007ff8a2498000 	C:\Users\Gabriel\Desktop\SpringToolsSuite4\sts-4.13.0.RELEASE\plugins\org.eclipse.justj.openjdk.hotspot.jre.full.win32.x86_64_17.0.1.v20211116-1657\jre\bin\jli.dll
0x00007ff8a98c0000 - 0x00007ff8a98d9000 	C:\Users\Gabriel\Desktop\SpringToolsSuite4\sts-4.13.0.RELEASE\plugins\org.eclipse.justj.openjdk.hotspot.jre.full.win32.x86_64_17.0.1.v20211116-1657\jre\bin\VCRUNTIME140.dll
0x00007ff8b4940000 - 0x00007ff8b4ae1000 	C:\WINDOWS\System32\USER32.dll
0x00007ff8b4000000 - 0x00007ff8b4022000 	C:\WINDOWS\System32\win32u.dll
0x00007ff8b59b0000 - 0x00007ff8b59db000 	C:\WINDOWS\System32\GDI32.dll
0x00007ff8a0ca0000 - 0x00007ff8a0f3a000 	C:\WINDOWS\WinSxS\amd64_microsoft.windows.common-controls_6595b64144ccf1df_6.0.19041.1110_none_60b5254171f9507e\COMCTL32.dll
0x00007ff8b44a0000 - 0x00007ff8b45ad000 	C:\WINDOWS\System32\gdi32full.dll
0x00007ff8b4bf0000 - 0x00007ff8b4c8e000 	C:\WINDOWS\System32\msvcrt.dll
0x00007ff8b4130000 - 0x00007ff8b41cd000 	C:\WINDOWS\System32\msvcp_win.dll
0x00007ff8b5c60000 - 0x00007ff8b5c90000 	C:\WINDOWS\System32\IMM32.DLL
0x00007ff8aef40000 - 0x00007ff8aef4c000 	C:\Users\Gabriel\Desktop\SpringToolsSuite4\sts-4.13.0.RELEASE\plugins\org.eclipse.justj.openjdk.hotspot.jre.full.win32.x86_64_17.0.1.v20211116-1657\jre\bin\vcruntime140_1.dll
0x00007ff88f420000 - 0x00007ff88f4b1000 	C:\Users\Gabriel\Desktop\SpringToolsSuite4\sts-4.13.0.RELEASE\plugins\org.eclipse.justj.openjdk.hotspot.jre.full.win32.x86_64_17.0.1.v20211116-1657\jre\bin\msvcp140.dll
0x00007ff869050000 - 0x00007ff869c96000 	C:\Users\Gabriel\Desktop\SpringToolsSuite4\sts-4.13.0.RELEASE\plugins\org.eclipse.justj.openjdk.hotspot.jre.full.win32.x86_64_17.0.1.v20211116-1657\jre\bin\server\jvm.dll
0x00007ff8b5900000 - 0x00007ff8b59ae000 	C:\WINDOWS\System32\ADVAPI32.dll
0x00007ff8b4af0000 - 0x00007ff8b4b8c000 	C:\WINDOWS\System32\sechost.dll
0x00007ff8b6160000 - 0x00007ff8b6285000 	C:\WINDOWS\System32\RPCRT4.dll
0x00007ff8b59e0000 - 0x00007ff8b59e8000 	C:\WINDOWS\System32\PSAPI.DLL
0x00007ff8afb00000 - 0x00007ff8afb09000 	C:\WINDOWS\SYSTEM32\WSOCK32.dll
0x00007ff8b5bf0000 - 0x00007ff8b5c5b000 	C:\WINDOWS\System32\WS2_32.dll
0x00007ff8a92f0000 - 0x00007ff8a9317000 	C:\WINDOWS\SYSTEM32\WINMM.dll
0x00007ff8adfd0000 - 0x00007ff8adfda000 	C:\WINDOWS\SYSTEM32\VERSION.dll
0x00007ff8b1dd0000 - 0x00007ff8b1de2000 	C:\WINDOWS\SYSTEM32\kernel.appcore.dll
0x00007ff8afad0000 - 0x00007ff8afada000 	C:\Users\Gabriel\Desktop\SpringToolsSuite4\sts-4.13.0.RELEASE\plugins\org.eclipse.justj.openjdk.hotspot.jre.full.win32.x86_64_17.0.1.v20211116-1657\jre\bin\jimage.dll
0x00007ff8ac8f0000 - 0x00007ff8acad4000 	C:\WINDOWS\SYSTEM32\DBGHELP.DLL
0x00007ff8a21d0000 - 0x00007ff8a21fc000 	C:\WINDOWS\SYSTEM32\dbgcore.DLL
0x00007ff8b3ec0000 - 0x00007ff8b3f42000 	C:\WINDOWS\System32\bcryptPrimitives.dll
0x00007ff8aef50000 - 0x00007ff8aef75000 	C:\Users\Gabriel\Desktop\SpringToolsSuite4\sts-4.13.0.RELEASE\plugins\org.eclipse.justj.openjdk.hotspot.jre.full.win32.x86_64_17.0.1.v20211116-1657\jre\bin\java.dll
0x00007ff8aee30000 - 0x00007ff8aee48000 	C:\Users\Gabriel\Desktop\SpringToolsSuite4\sts-4.13.0.RELEASE\plugins\org.eclipse.justj.openjdk.hotspot.jre.full.win32.x86_64_17.0.1.v20211116-1657\jre\bin\zip.dll
0x00007ff8b4c90000 - 0x00007ff8b53d4000 	C:\WINDOWS\System32\SHELL32.dll
0x00007ff8b1fd0000 - 0x00007ff8b2765000 	C:\WINDOWS\SYSTEM32\windows.storage.dll
0x00007ff8b53e0000 - 0x00007ff8b5735000 	C:\WINDOWS\System32\combase.dll
0x00007ff8b3910000 - 0x00007ff8b393e000 	C:\WINDOWS\SYSTEM32\Wldp.dll
0x00007ff8b6000000 - 0x00007ff8b60ad000 	C:\WINDOWS\System32\SHCORE.dll
0x00007ff8b47f0000 - 0x00007ff8b4845000 	C:\WINDOWS\System32\shlwapi.dll
0x00007ff8b3e00000 - 0x00007ff8b3e1f000 	C:\WINDOWS\SYSTEM32\profapi.dll
0x00007ff8aee00000 - 0x00007ff8aee19000 	C:\Users\Gabriel\Desktop\SpringToolsSuite4\sts-4.13.0.RELEASE\plugins\org.eclipse.justj.openjdk.hotspot.jre.full.win32.x86_64_17.0.1.v20211116-1657\jre\bin\net.dll
0x00007ff8a7250000 - 0x00007ff8a735c000 	C:\WINDOWS\SYSTEM32\WINHTTP.dll
0x00007ff8b3670000 - 0x00007ff8b36da000 	C:\WINDOWS\system32\mswsock.dll
0x00007ff8aeb00000 - 0x00007ff8aeb15000 	C:\Users\Gabriel\Desktop\SpringToolsSuite4\sts-4.13.0.RELEASE\plugins\org.eclipse.justj.openjdk.hotspot.jre.full.win32.x86_64_17.0.1.v20211116-1657\jre\bin\nio.dll
0x00007ff8aedf0000 - 0x00007ff8aedf9000 	C:\Users\Gabriel\Desktop\SpringToolsSuite4\sts-4.13.0.RELEASE\plugins\org.eclipse.justj.openjdk.hotspot.jre.full.win32.x86_64_17.0.1.v20211116-1657\jre\bin\management.dll
0x00007ff8ad410000 - 0x00007ff8ad41b000 	C:\Users\Gabriel\Desktop\SpringToolsSuite4\sts-4.13.0.RELEASE\plugins\org.eclipse.justj.openjdk.hotspot.jre.full.win32.x86_64_17.0.1.v20211116-1657\jre\bin\management_ext.dll
0x00007ff89f520000 - 0x00007ff89f537000 	C:\WINDOWS\system32\napinsp.dll
0x00007ff89f3b0000 - 0x00007ff89f3cb000 	C:\WINDOWS\system32\pnrpnsp.dll
0x00007ff89f390000 - 0x00007ff89f3a5000 	C:\WINDOWS\system32\wshbth.dll
0x00007ff8af900000 - 0x00007ff8af91d000 	C:\WINDOWS\system32\NLAapi.dll
0x00007ff8b3310000 - 0x00007ff8b334b000 	C:\WINDOWS\SYSTEM32\IPHLPAPI.DLL
0x00007ff8b3360000 - 0x00007ff8b342b000 	C:\WINDOWS\SYSTEM32\DNSAPI.dll
0x00007ff8b58f0000 - 0x00007ff8b58f8000 	C:\WINDOWS\System32\NSI.dll
0x00007ff89ed30000 - 0x00007ff89ed42000 	C:\WINDOWS\System32\winrnr.dll
0x00007ff8a5f50000 - 0x00007ff8a5f5a000 	C:\Windows\System32\rasadhlp.dll
0x00007ff8a70e0000 - 0x00007ff8a715f000 	C:\WINDOWS\System32\fwpuclnt.dll
0x00007ff8b47c0000 - 0x00007ff8b47e7000 	C:\WINDOWS\System32\bcrypt.dll

dbghelp: loaded successfully - version: 4.0.5 - missing functions: none
symbol engine: initialized successfully - sym options: 0x614 - pdb path: .;C:\Users\Gabriel\Desktop\SpringToolsSuite4\sts-4.13.0.RELEASE\plugins\org.eclipse.justj.openjdk.hotspot.jre.full.win32.x86_64_17.0.1.v20211116-1657\jre\bin;C:\WINDOWS\SYSTEM32;C:\WINDOWS\WinSxS\amd64_microsoft.windows.common-controls_6595b64144ccf1df_6.0.19041.1110_none_60b5254171f9507e;C:\Users\Gabriel\Desktop\SpringToolsSuite4\sts-4.13.0.RELEASE\plugins\org.eclipse.justj.openjdk.hotspot.jre.full.win32.x86_64_17.0.1.v20211116-1657\jre\bin\server

VM Arguments:
jvm_args: -Dcom.sun.management.jmxremote -Dcom.sun.management.jmxremote.port=51848 -Dcom.sun.management.jmxremote.authenticate=false -Dcom.sun.management.jmxremote.ssl=false -Djava.rmi.server.hostname=localhost -Dspring.jmx.enabled=true -Dspring.application.admin.enabled=true -XX:TieredStopAtLevel=1 -Dspring.boot.project.name=blogpessoal -Dfile.encoding=UTF-8 -XX:+ShowCodeDetailsInExceptionMessages 
java_command: br.org.generation.blogpessoal.BlogpessoalApplication --spring.output.ansi.enabled=always
java_class_path (initial): C:\Users\Gabriel\Documents\workspace-spring-tool-suite-4-4.13.0.RELEASE\blogpessoal\target\classes;C:\Users\Gabriel\.m2\repository\org\springframework\boot\spring-boot-starter-data-jpa\2.6.2\spring-boot-starter-data-jpa-2.6.2.jar;C:\Users\Gabriel\.m2\repository\org\springframework\boot\spring-boot-starter-aop\2.6.2\spring-boot-starter-aop-2.6.2.jar;C:\Users\Gabriel\.m2\repository\org\aspectj\aspectjweaver\1.9.7\aspectjweaver-1.9.7.jar;C:\Users\Gabriel\.m2\repository\org\springframework\boot\spring-boot-starter-jdbc\2.6.2\spring-boot-starter-jdbc-2.6.2.jar;C:\Users\Gabriel\.m2\repository\com\zaxxer\HikariCP\4.0.3\HikariCP-4.0.3.jar;C:\Users\Gabriel\.m2\repository\org\springframework\spring-jdbc\5.3.14\spring-jdbc-5.3.14.jar;C:\Users\Gabriel\.m2\repository\jakarta\transaction\jakarta.transaction-api\1.3.3\jakarta.transaction-api-1.3.3.jar;C:\Users\Gabriel\.m2\repository\jakarta\persistence\jakarta.persistence-api\2.2.3\jakarta.persistence-api-2.2.3.jar;C:\Users\Gabriel\.m2\repository\org\hibernate\hibernate-core\5.6.3.Final\hibernate-core-5.6.3.Final.jar;C:\Users\Gabriel\.m2\repository\org\jboss\logging\jboss-logging\3.4.2.Final\jboss-logging-3.4.2.Final.jar;C:\Users\Gabriel\.m2\repository\net\bytebuddy\byte-buddy\1.11.22\byte-buddy-1.11.22.jar;C:\Users\Gabriel\.m2\repository\antlr\antlr\2.7.7\antlr-2.7.7.jar;C:\Users\Gabriel\.m2\repository\org\jboss\jandex\2.2.3.Final\jandex-2.2.3.Final.jar;C:\Users\Gabriel\.m2\repository\com\fasterxml\classmate\1.5.1\classmate-1.5.1.jar;C:\Users\Gabriel\.m2\repository\org\hibernate\common\hibernate-commons-annotations\5.1.2.Final\hibernate-commons-annotations-5.1.2.Final.jar;C:\Users\Gabriel\.m2\repository\org\glassfish\jaxb\jaxb-runtime\2.3.5\jaxb-runtime-2.3.5.jar;C:\Users\Gabriel\.m2\repository\org\glassfish\jaxb\txw2\2.3.5\txw2-2.3.5.jar;C:\Users\Gabriel\.m2\repository\com\sun\istack\istack-commons-runtime\3.0.12\istack-commons-runtime-3.0.12.jar;C:\Users\Gabriel\.m2\repository\com\sun\activation\jak
Launcher Type: SUN_STANDARD

[Global flags]
     intx CICompilerCount                          = 3                                         {product} {ergonomic}
     uint ConcGCThreads                            = 1                                         {product} {ergonomic}
     uint G1ConcRefinementThreads                  = 4                                         {product} {ergonomic}
   size_t G1HeapRegionSize                         = 1048576                                   {product} {ergonomic}
    uintx GCDrainStackTargetSize                   = 64                                        {product} {ergonomic}
   size_t InitialHeapSize                          = 67108864                                  {product} {ergonomic}
     bool ManagementServer                         = true                                      {product} {command line}
   size_t MarkStackSize                            = 4194304                                   {product} {ergonomic}
   size_t MaxHeapSize                              = 1065353216                                {product} {ergonomic}
   size_t MaxNewSize                               = 638582784                                 {product} {ergonomic}
   size_t MinHeapDeltaBytes                        = 1048576                                   {product} {ergonomic}
   size_t MinHeapSize                              = 8388608                                   {product} {ergonomic}
    uintx NonProfiledCodeHeapSize                  = 0                                      {pd product} {ergonomic}
     bool ProfileInterpreter                       = false                                  {pd product} {command line}
    uintx ProfiledCodeHeapSize                     = 0                                      {pd product} {ergonomic}
     bool ShowCodeDetailsInExceptionMessages       = true                                   {manageable} {command line}
   size_t SoftMaxHeapSize                          = 1065353216                             {manageable} {ergonomic}
     intx TieredStopAtLevel                        = 1                                         {product} {command line}
     bool UseCompressedClassPointers               = true                           {product lp64_product} {ergonomic}
     bool UseCompressedOops                        = true                           {product lp64_product} {ergonomic}
     bool UseG1GC                                  = true                                      {product} {ergonomic}
     bool UseLargePagesIndividualAllocation        = false                                  {pd product} {ergonomic}

Logging:
Log output configuration:
 #0: stdout all=warning uptime,level,tags
 #1: stderr all=off uptime,level,tags

Environment Variables:
PATH=C:/Users/Gabriel/Desktop/SpringToolsSuite4/sts-4.13.0.RELEASE//plugins/org.eclipse.justj.openjdk.hotspot.jre.full.win32.x86_64_17.0.1.v20211116-1657/jre/bin/server;C:/Users/Gabriel/Desktop/SpringToolsSuite4/sts-4.13.0.RELEASE//plugins/org.eclipse.justj.openjdk.hotspot.jre.full.win32.x86_64_17.0.1.v20211116-1657/jre/bin;C:\Program Files\Common Files\Oracle\Java\javapath;C:\WINDOWS\system32;C:\WINDOWS;C:\WINDOWS\System32\Wbem;C:\WINDOWS\System32\WindowsPowerShell\v1.0\;C:\WINDOWS\System32\OpenSSH\;C:\ProgramData\UNIVALI\Portugol Studio;C:\Program Files\Git\cmd;C:\Users\Gabriel\AppData\Local\Microsoft\WindowsApps;;C:\Users\Gabriel\Desktop\SpringToolsSuite4\sts-4.13.0.RELEASE;
USERNAME=Gabriel
OS=Windows_NT
PROCESSOR_IDENTIFIER=Intel64 Family 6 Model 58 Stepping 9, GenuineIntel



---------------  S Y S T E M  ---------------

OS:
 Windows 10 , 64 bit Build 19041 (10.0.19041.1466)
OS uptime: 0 days 2:38 hours

CPU: total 4 (initial active 4) (4 cores per cpu, 1 threads per core) family 6 model 58 stepping 9 microcode 0x21, cx8, cmov, fxsr, mmx, sse, sse2, sse3, ssse3, sse4.1, sse4.2, popcnt, tsc, tscinvbit, avx, aes, erms, clmul, vzeroupper, clflush

Memory: 4k page, system-wide physical 4061M (517M free)
TotalPageFile size 5719M (AvailPageFile size 5M)
current process WorkingSet (physical memory assigned to process): 50M, peak: 50M
current process commit charge ("private bytes"): 135M, peak: 135M

vm_info: OpenJDK 64-Bit Server VM (17.0.1+12) for windows-amd64 JRE (17.0.1+12), built on Oct 20 2021 07:42:55 by "" with MS VC++ 16.7 (VS2019)

END.
