#
# There is insufficient memory for the Java Runtime Environment to continue.
# Native memory allocation (mmap) failed to map 65536 bytes for Failed to commit metaspace.
# Possible reasons:
#   The system is out of physical RAM or swap space
#   The process is running with CompressedOops enabled, and the Java Heap may be blocking the growth of the native heap
# Possible solutions:
#   Reduce memory load on the system
#   Increase physical memory or swap space
#   Check if swap backing store is full
#   Decrease Java heap size (-Xmx/-Xms)
#   Decrease number of Java threads
#   Decrease Java thread stack sizes (-Xss)
#   Set larger code cache with -XX:ReservedCodeCacheSize=
#   JVM is running with Unscaled Compressed Oops mode in which the Java heap is
#     placed in the first 4GB address space. The Java Heap base address is the
#     maximum limit for the native heap growth. Please use -XX:HeapBaseMinAddress
#     to set the Java Heap base and to place the Java Heap above 4GB virtual address.
# This output file may be truncated or incomplete.
#
#  Out of Memory Error (virtualSpaceNode.cpp:110), pid=5292, tid=7616
#
# JRE version: OpenJDK Runtime Environment Temurin-17.0.1+12 (17.0.1+12) (build 17.0.1+12)
# Java VM: OpenJDK 64-Bit Server VM Temurin-17.0.1+12 (17.0.1+12, mixed mode, emulated-client, tiered, compressed oops, compressed class ptrs, g1 gc, windows-amd64)
# No core dump will be written. Minidumps are not enabled by default on client versions of Windows
#

---------------  S U M M A R Y ------------

Command Line: -Dcom.sun.management.jmxremote -Dcom.sun.management.jmxremote.port=51886 -Dcom.sun.management.jmxremote.authenticate=false -Dcom.sun.management.jmxremote.ssl=false -Djava.rmi.server.hostname=localhost -Dspring.jmx.enabled=true -Dspring.application.admin.enabled=true -XX:TieredStopAtLevel=1 -Dspring.boot.project.name=blogpessoal -Dfile.encoding=UTF-8 -XX:+ShowCodeDetailsInExceptionMessages br.org.generation.blogpessoal.BlogpessoalApplication --spring.output.ansi.enabled=always

Host: Intel(R) Core(TM) i5-3330S CPU @ 2.70GHz, 4 cores, 3G,  Windows 10 , 64 bit Build 19041 (10.0.19041.1466)
Time: Tue Jan 18 13:08:30 2022 Hora oficial do Brasil elapsed time: 6.211821 seconds (0d 0h 0m 6s)

---------------  T H R E A D  ---------------

Current thread (0x000001ed4dc38480):  JavaThread "restartedMain" [_thread_in_vm, id=7616, stack(0x000000dd15000000,0x000000dd15100000)]

Stack: [0x000000dd15000000,0x000000dd15100000]
Native frames: (J=compiled Java code, j=interpreted, Vv=VM code, C=native code)
V  [jvm.dll+0x6744da]
V  [jvm.dll+0x82e144]
V  [jvm.dll+0x82f8ee]
V  [jvm.dll+0x82ff53]
V  [jvm.dll+0x245175]
V  [jvm.dll+0x82a0eb]
V  [jvm.dll+0x619566]
V  [jvm.dll+0x1bff1e]
V  [jvm.dll+0x61beb1]
V  [jvm.dll+0x619f06]
V  [jvm.dll+0x2396df]
V  [jvm.dll+0x623b45]
V  [jvm.dll+0x1e9e4b]
V  [jvm.dll+0x1ea385]
V  [jvm.dll+0x1eadbf]
V  [jvm.dll+0x1e0261]
V  [jvm.dll+0x53b150]
V  [jvm.dll+0x7a9378]
V  [jvm.dll+0x7a9464]
V  [jvm.dll+0x40bfd5]
V  [jvm.dll+0x4121c8]
C  [java.dll+0x17ec]

Java frames: (J=compiled Java code, j=interpreted, Vv=VM code)
J 1167  java.lang.ClassLoader.defineClass1(Ljava/lang/ClassLoader;Ljava/lang/String;[BIILjava/security/ProtectionDomain;Ljava/lang/String;)Ljava/lang/Class; java.base@17.0.1 (0 bytes) @ 0x000001ed45482a5b [0x000001ed454829a0+0x00000000000000bb]
J 1322 c1 java.lang.ClassLoader.defineClass(Ljava/lang/String;[BIILjava/security/ProtectionDomain;)Ljava/lang/Class; java.base@17.0.1 (43 bytes) @ 0x000001ed454c345c [0x000001ed454c3360+0x00000000000000fc]
J 1185 c1 jdk.internal.loader.BuiltinClassLoader.defineClass(Ljava/lang/String;Ljdk/internal/loader/Resource;)Ljava/lang/Class; java.base@17.0.1 (121 bytes) @ 0x000001ed4548c344 [0x000001ed4548bea0+0x00000000000004a4]
J 1169 c1 jdk.internal.loader.BuiltinClassLoader.findClassOnClassPathOrNull(Ljava/lang/String;)Ljava/lang/Class; java.base@17.0.1 (64 bytes) @ 0x000001ed4548479c [0x000001ed45484500+0x000000000000029c]
J 956 c1 jdk.internal.loader.BuiltinClassLoader.loadClassOrNull(Ljava/lang/String;Z)Ljava/lang/Class; java.base@17.0.1 (143 bytes) @ 0x000001ed45427344 [0x000001ed45426f00+0x0000000000000444]
J 1093 c1 jdk.internal.loader.ClassLoaders$AppClassLoader.loadClass(Ljava/lang/String;Z)Ljava/lang/Class; java.base@17.0.1 (40 bytes) @ 0x000001ed454631a4 [0x000001ed45463060+0x0000000000000144]
J 1085 c1 java.lang.ClassLoader.loadClass(Ljava/lang/String;)Ljava/lang/Class; java.base@17.0.1 (7 bytes) @ 0x000001ed4545ee64 [0x000001ed4545ee20+0x0000000000000044]
v  ~StubRoutines::call_stub
J 1167  java.lang.ClassLoader.defineClass1(Ljava/lang/ClassLoader;Ljava/lang/String;[BIILjava/security/ProtectionDomain;Ljava/lang/String;)Ljava/lang/Class; java.base@17.0.1 (0 bytes) @ 0x000001ed45482a5b [0x000001ed454829a0+0x00000000000000bb]
J 1322 c1 java.lang.ClassLoader.defineClass(Ljava/lang/String;[BIILjava/security/ProtectionDomain;)Ljava/lang/Class; java.base@17.0.1 (43 bytes) @ 0x000001ed454c345c [0x000001ed454c3360+0x00000000000000fc]
J 1185 c1 jdk.internal.loader.BuiltinClassLoader.defineClass(Ljava/lang/String;Ljdk/internal/loader/Resource;)Ljava/lang/Class; java.base@17.0.1 (121 bytes) @ 0x000001ed4548c344 [0x000001ed4548bea0+0x00000000000004a4]
J 1169 c1 jdk.internal.loader.BuiltinClassLoader.findClassOnClassPathOrNull(Ljava/lang/String;)Ljava/lang/Class; java.base@17.0.1 (64 bytes) @ 0x000001ed4548479c [0x000001ed45484500+0x000000000000029c]
J 956 c1 jdk.internal.loader.BuiltinClassLoader.loadClassOrNull(Ljava/lang/String;Z)Ljava/lang/Class; java.base@17.0.1 (143 bytes) @ 0x000001ed45427344 [0x000001ed45426f00+0x0000000000000444]
J 1093 c1 jdk.internal.loader.ClassLoaders$AppClassLoader.loadClass(Ljava/lang/String;Z)Ljava/lang/Class; java.base@17.0.1 (40 bytes) @ 0x000001ed454631a4 [0x000001ed45463060+0x0000000000000144]
J 1085 c1 java.lang.ClassLoader.loadClass(Ljava/lang/String;)Ljava/lang/Class; java.base@17.0.1 (7 bytes) @ 0x000001ed4545ee64 [0x000001ed4545ee20+0x0000000000000044]
v  ~StubRoutines::call_stub
j  net.bytebuddy.ByteBuddy.subclass(Lnet/bytebuddy/description/type/TypeDefinition;Lnet/bytebuddy/dynamic/scaffold/subclass/ConstructorStrategy;)Lnet/bytebuddy/dynamic/DynamicType$Builder;+104
j  net.bytebuddy.ByteBuddy.subclass(Ljava/lang/Class;Lnet/bytebuddy/dynamic/scaffold/subclass/ConstructorStrategy;)Lnet/bytebuddy/dynamic/DynamicType$Builder;+6
j  org.hibernate.proxy.pojo.bytebuddy.ByteBuddyProxyHelper.lambda$proxyBuilder$0(Ljava/lang/Class;[Ljava/lang/Class;Lnet/bytebuddy/ByteBuddy;)Lnet/bytebuddy/dynamic/DynamicType$Builder;+53
j  org.hibernate.proxy.pojo.bytebuddy.ByteBuddyProxyHelper$$Lambda$887+0x0000000100769320.apply(Ljava/lang/Object;)Ljava/lang/Object;+16
j  org.hibernate.bytecode.internal.bytebuddy.ByteBuddyState.lambda$load$0(Ljava/util/function/Function;Ljava/lang/Class;)Ljava/lang/Class;+6
j  org.hibernate.bytecode.internal.bytebuddy.ByteBuddyState$$Lambda$888+0x0000000100769560.call()Ljava/lang/Object;+12
j  net.bytebuddy.TypeCache.findOrInsert(Ljava/lang/ClassLoader;Ljava/lang/Object;Ljava/util/concurrent/Callable;)Ljava/lang/Class;+20
j  net.bytebuddy.TypeCache.findOrInsert(Ljava/lang/ClassLoader;Ljava/lang/Object;Ljava/util/concurrent/Callable;Ljava/lang/Object;)Ljava/lang/Class;+26
j  org.hibernate.bytecode.internal.bytebuddy.ByteBuddyState.load(Ljava/lang/Class;Lnet/bytebuddy/TypeCache;Lnet/bytebuddy/TypeCache$SimpleKey;Ljava/util/function/Function;)Ljava/lang/Class;+16
j  org.hibernate.bytecode.internal.bytebuddy.ByteBuddyState.loadProxy(Ljava/lang/Class;Lnet/bytebuddy/TypeCache$SimpleKey;Ljava/util/function/Function;)Ljava/lang/Class;+8
j  org.hibernate.proxy.pojo.bytebuddy.ByteBuddyProxyHelper.buildProxy(Ljava/lang/Class;[Ljava/lang/Class;)Ljava/lang/Class;+52
j  org.hibernate.proxy.pojo.bytebuddy.ByteBuddyProxyFactory.postInstantiate(Ljava/lang/String;Ljava/lang/Class;Ljava/util/Set;Ljava/lang/reflect/Method;Ljava/lang/reflect/Method;Lorg/hibernate/type/CompositeType;)V+55
j  org.hibernate.tuple.entity.PojoEntityTuplizer.buildProxyFactory(Lorg/hibernate/mapping/PersistentClass;Lorg/hibernate/property/access/spi/Getter;Lorg/hibernate/property/access/spi/Setter;)Lorg/hibernate/proxy/ProxyFactory;+104
j  org.hibernate.tuple.entity.AbstractEntityTuplizer.<init>(Lorg/hibernate/tuple/entity/EntityMetamodel;Lorg/hibernate/mapping/PersistentClass;)V+198
j  org.hibernate.tuple.entity.PojoEntityTuplizer.<init>(Lorg/hibernate/tuple/entity/EntityMetamodel;Lorg/hibernate/mapping/PersistentClass;)V+3
v  ~StubRoutines::call_stub
J 1509  jdk.internal.reflect.NativeConstructorAccessorImpl.newInstance0(Ljava/lang/reflect/Constructor;[Ljava/lang/Object;)Ljava/lang/Object; java.base@17.0.1 (0 bytes) @ 0x000001ed45509786 [0x000001ed45509720+0x0000000000000066]
J 1508 c1 jdk.internal.reflect.NativeConstructorAccessorImpl.newInstance([Ljava/lang/Object;)Ljava/lang/Object; java.base@17.0.1 (122 bytes) @ 0x000001ed45509f1c [0x000001ed45509c80+0x000000000000029c]
J 1404 c1 jdk.internal.reflect.DelegatingConstructorAccessorImpl.newInstance([Ljava/lang/Object;)Ljava/lang/Object; java.base@17.0.1 (9 bytes) @ 0x000001ed454e29e4 [0x000001ed454e29a0+0x0000000000000044]
J 1375 c1 java.lang.reflect.Constructor.newInstanceWithCaller([Ljava/lang/Object;ZLjava/lang/Class;)Ljava/lang/Object; java.base@17.0.1 (75 bytes) @ 0x000001ed454d8a2c [0x000001ed454d8960+0x00000000000000cc]
J 1431 c1 java.lang.reflect.Constructor.newInstance([Ljava/lang/Object;)Ljava/lang/Object; java.base@17.0.1 (34 bytes) @ 0x000001ed454eb24c [0x000001ed454eb1c0+0x000000000000008c]
j  org.hibernate.tuple.entity.EntityTuplizerFactory.constructTuplizer(Ljava/lang/Class;Lorg/hibernate/tuple/entity/EntityMetamodel;Lorg/hibernate/mapping/PersistentClass;)Lorg/hibernate/tuple/entity/EntityTuplizer;+70
j  org.hibernate.tuple.entity.EntityTuplizerFactory.constructDefaultTuplizer(Lorg/hibernate/EntityMode;Lorg/hibernate/tuple/entity/EntityMetamodel;Lorg/hibernate/mapping/PersistentClass;)Lorg/hibernate/tuple/entity/EntityTuplizer;+57
j  org.hibernate.tuple.entity.EntityMetamodel.<init>(Lorg/hibernate/mapping/PersistentClass;Lorg/hibernate/persister/entity/EntityPersister;Lorg/hibernate/persister/spi/PersisterCreationContext;)V+1814
j  org.hibernate.persister.entity.AbstractEntityPersister.<init>(Lorg/hibernate/mapping/PersistentClass;Lorg/hibernate/cache/spi/access/EntityDataAccess;Lorg/hibernate/cache/spi/access/NaturalIdDataAccess;Lorg/hibernate/persister/spi/PersisterCreationContext;)V+176
j  org.hibernate.persister.entity.SingleTableEntityPersister.<init>(Lorg/hibernate/mapping/PersistentClass;Lorg/hibernate/cache/spi/access/EntityDataAccess;Lorg/hibernate/cache/spi/access/NaturalIdDataAccess;Lorg/hibernate/persister/spi/PersisterCreationContext;)V+6
v  ~StubRoutines::call_stub
J 1509  jdk.internal.reflect.NativeConstructorAccessorImpl.newInstance0(Ljava/lang/reflect/Constructor;[Ljava/lang/Object;)Ljava/lang/Object; java.base@17.0.1 (0 bytes) @ 0x000001ed45509786 [0x000001ed45509720+0x0000000000000066]
J 1508 c1 jdk.internal.reflect.NativeConstructorAccessorImpl.newInstance([Ljava/lang/Object;)Ljava/lang/Object; java.base@17.0.1 (122 bytes) @ 0x000001ed45509f1c [0x000001ed45509c80+0x000000000000029c]
J 1404 c1 jdk.internal.reflect.DelegatingConstructorAccessorImpl.newInstance([Ljava/lang/Object;)Ljava/lang/Object; java.base@17.0.1 (9 bytes) @ 0x000001ed454e29e4 [0x000001ed454e29a0+0x0000000000000044]
J 1375 c1 java.lang.reflect.Constructor.newInstanceWithCaller([Ljava/lang/Object;ZLjava/lang/Class;)Ljava/lang/Object; java.base@17.0.1 (75 bytes) @ 0x000001ed454d8a2c [0x000001ed454d8960+0x00000000000000cc]
J 1431 c1 java.lang.reflect.Constructor.newInstance([Ljava/lang/Object;)Ljava/lang/Object; java.base@17.0.1 (34 bytes) @ 0x000001ed454eb24c [0x000001ed454eb1c0+0x000000000000008c]
j  org.hibernate.persister.internal.PersisterFactoryImpl.createEntityPersister(Ljava/lang/Class;Lorg/hibernate/mapping/PersistentClass;Lorg/hibernate/cache/spi/access/EntityDataAccess;Lorg/hibernate/cache/spi/access/NaturalIdDataAccess;Lorg/hibernate/persister/spi/PersisterCreationContext;)Lorg/hibernate/persister/entity/EntityPersister;+33
j  org.hibernate.persister.internal.PersisterFactoryImpl.createEntityPersister(Lorg/hibernate/mapping/PersistentClass;Lorg/hibernate/cache/spi/access/EntityDataAccess;Lorg/hibernate/cache/spi/access/NaturalIdDataAccess;Lorg/hibernate/persister/spi/PersisterCreationContext;)Lorg/hibernate/persister/entity/EntityPersister;+41
j  org.hibernate.metamodel.internal.MetamodelImpl.initialize(Lorg/hibernate/boot/spi/MetadataImplementor;Lorg/hibernate/metamodel/internal/JpaMetaModelPopulationSetting;)V+148
j  org.hibernate.internal.SessionFactoryImpl.<init>(Lorg/hibernate/boot/spi/MetadataImplementor;Lorg/hibernate/boot/spi/SessionFactoryOptions;Lorg/hibernate/engine/query/spi/QueryPlanCache$QueryPlanCreator;)V+761
j  org.hibernate.boot.internal.SessionFactoryBuilderImpl.build()Lorg/hibernate/SessionFactory;+64
j  org.hibernate.jpa.boot.internal.EntityManagerFactoryBuilderImpl.build()Ljavax/persistence/EntityManagerFactory;+22
j  org.springframework.orm.jpa.vendor.SpringHibernateJpaPersistenceProvider.createContainerEntityManagerFactory(Ljavax/persistence/spi/PersistenceUnitInfo;Ljava/util/Map;)Ljavax/persistence/EntityManagerFactory;+55
j  org.springframework.orm.jpa.LocalContainerEntityManagerFactoryBean.createNativeEntityManagerFactory()Ljavax/persistence/EntityManagerFactory;+129
j  org.springframework.orm.jpa.AbstractEntityManagerFactoryBean.buildNativeEntityManagerFactory()Ljavax/persistence/EntityManagerFactory;+1
j  org.springframework.orm.jpa.AbstractEntityManagerFactoryBean.afterPropertiesSet()V+192
j  org.springframework.orm.jpa.LocalContainerEntityManagerFactoryBean.afterPropertiesSet()V+77
j  org.springframework.beans.factory.support.AbstractAutowireCapableBeanFactory.invokeInitMethods(Ljava/lang/String;Ljava/lang/Object;Lorg/springframework/beans/factory/support/RootBeanDefinition;)V+106
j  org.springframework.beans.factory.support.AbstractAutowireCapableBeanFactory.initializeBean(Ljava/lang/String;Ljava/lang/Object;Lorg/springframework/beans/factory/support/RootBeanDefinition;)Ljava/lang/Object;+59
j  org.springframework.beans.factory.support.AbstractAutowireCapableBeanFactory.doCreateBean(Ljava/lang/String;Lorg/springframework/beans/factory/support/RootBeanDefinition;[Ljava/lang/Object;)Ljava/lang/Object;+245
j  org.springframework.beans.factory.support.AbstractAutowireCapableBeanFactory.createBean(Ljava/lang/String;Lorg/springframework/beans/factory/support/RootBeanDefinition;[Ljava/lang/Object;)Ljava/lang/Object;+169
j  org.springframework.beans.factory.support.AbstractBeanFactory.lambda$doGetBean$0(Ljava/lang/String;Lorg/springframework/beans/factory/support/RootBeanDefinition;[Ljava/lang/Object;)Ljava/lang/Object;+4
j  org.springframework.beans.factory.support.AbstractBeanFactory$$Lambda$323+0x00000001002c8658.getObject()Ljava/lang/Object;+16
j  org.springframework.beans.factory.support.DefaultSingletonBeanRegistry.getSingleton(Ljava/lang/String;Lorg/springframework/beans/factory/ObjectFactory;)Ljava/lang/Object;+132
J 3075 c1 org.springframework.beans.factory.support.AbstractBeanFactory.doGetBean(Ljava/lang/String;Ljava/lang/Class;[Ljava/lang/Object;Z)Ljava/lang/Object; (832 bytes) @ 0x000001ed45785ab4 [0x000001ed45785500+0x00000000000005b4]
j  org.springframework.beans.factory.support.AbstractBeanFactory.getBean(Ljava/lang/String;)Ljava/lang/Object;+5
j  org.springframework.context.support.AbstractApplicationContext.getBean(Ljava/lang/String;)Ljava/lang/Object;+9
j  org.springframework.context.support.AbstractApplicationContext.finishBeanFactoryInitialization(Lorg/springframework/beans/factory/config/ConfigurableListableBeanFactory;)V+100
j  org.springframework.context.support.AbstractApplicationContext.refresh()V+86
j  org.springframework.boot.web.servlet.context.ServletWebServerApplicationContext.refresh()V+1
j  org.springframework.boot.SpringApplication.refresh(Lorg/springframework/context/ConfigurableApplicationContext;)V+1
j  org.springframework.boot.SpringApplication.refreshContext(Lorg/springframework/context/ConfigurableApplicationContext;)V+16
j  org.springframework.boot.SpringApplication.run([Ljava/lang/String;)Lorg/springframework/context/ConfigurableApplicationContext;+107
j  org.springframework.boot.SpringApplication.run([Ljava/lang/Class;[Ljava/lang/String;)Lorg/springframework/context/ConfigurableApplicationContext;+9
j  org.springframework.boot.SpringApplication.run(Ljava/lang/Class;[Ljava/lang/String;)Lorg/springframework/context/ConfigurableApplicationContext;+9
j  br.org.generation.blogpessoal.BlogpessoalApplication.main([Ljava/lang/String;)V+3
v  ~StubRoutines::call_stub
j  jdk.internal.reflect.NativeMethodAccessorImpl.invoke0(Ljava/lang/reflect/Method;Ljava/lang/Object;[Ljava/lang/Object;)Ljava/lang/Object;+0 java.base@17.0.1
j  jdk.internal.reflect.NativeMethodAccessorImpl.invoke(Ljava/lang/Object;[Ljava/lang/Object;)Ljava/lang/Object;+133 java.base@17.0.1
j  jdk.internal.reflect.DelegatingMethodAccessorImpl.invoke(Ljava/lang/Object;[Ljava/lang/Object;)Ljava/lang/Object;+6 java.base@17.0.1
j  java.lang.reflect.Method.invoke(Ljava/lang/Object;[Ljava/lang/Object;)Ljava/lang/Object;+59 java.base@17.0.1
j  org.springframework.boot.devtools.restart.RestartLauncher.run()V+42
v  ~StubRoutines::call_stub

---------------  P R O C E S S  ---------------

Threads class SMR info:
_java_thread_list=0x000001ed4f914230, length=26, elements={
0x000001ed41a0b440, 0x000001ed4c8eb060, 0x000001ed4c8ee1b0, 0x000001ed4c942000,
0x000001ed4c9429c0, 0x000001ed4c945290, 0x000001ed4c945b50, 0x000001ed4c949d20,
0x000001ed4c963e00, 0x000001ed4d439a50, 0x000001ed4d496540, 0x000001ed41aaafd0,
0x000001ed4d5b1c20, 0x000001ed4daff3b0, 0x000001ed4dafa350, 0x000001ed4dbea020,
0x000001ed4da5a040, 0x000001ed4dc38480, 0x000001ed4dfc1890, 0x000001ed4df62670,
0x000001ed4df62b40, 0x000001ed4ecbdd90, 0x000001ed4ecbe260, 0x000001ed4ecbc0b0,
0x000001ed4ecbc580, 0x000001ed4ecbf5a0
}

Java Threads: ( => current thread )
  0x000001ed41a0b440 JavaThread "main" [_thread_blocked, id=10048, stack(0x000000dd13200000,0x000000dd13300000)]
  0x000001ed4c8eb060 JavaThread "Reference Handler" daemon [_thread_blocked, id=2632, stack(0x000000dd13900000,0x000000dd13a00000)]
  0x000001ed4c8ee1b0 JavaThread "Finalizer" daemon [_thread_blocked, id=4356, stack(0x000000dd13a00000,0x000000dd13b00000)]
  0x000001ed4c942000 JavaThread "Signal Dispatcher" daemon [_thread_blocked, id=6216, stack(0x000000dd13b00000,0x000000dd13c00000)]
  0x000001ed4c9429c0 JavaThread "Attach Listener" daemon [_thread_blocked, id=3048, stack(0x000000dd13c00000,0x000000dd13d00000)]
  0x000001ed4c945290 JavaThread "Service Thread" daemon [_thread_blocked, id=3080, stack(0x000000dd13d00000,0x000000dd13e00000)]
  0x000001ed4c945b50 JavaThread "Monitor Deflation Thread" daemon [_thread_blocked, id=5348, stack(0x000000dd13e00000,0x000000dd13f00000)]
  0x000001ed4c949d20 JavaThread "C1 CompilerThread0" daemon [_thread_blocked, id=6744, stack(0x000000dd13f00000,0x000000dd14000000)]
  0x000001ed4c963e00 JavaThread "Sweeper thread" daemon [_thread_blocked, id=2668, stack(0x000000dd14000000,0x000000dd14100000)]
  0x000001ed4d439a50 JavaThread "Common-Cleaner" daemon [_thread_blocked, id=4496, stack(0x000000dd14100000,0x000000dd14200000)]
  0x000001ed4d496540 JavaThread "C1 CompilerThread1" daemon [_thread_blocked, id=456, stack(0x000000dd14200000,0x000000dd14300000)]
  0x000001ed41aaafd0 JavaThread "C1 CompilerThread2" daemon [_thread_blocked, id=7264, stack(0x000000dd14300000,0x000000dd14400000)]
  0x000001ed4d5b1c20 JavaThread "Notification Thread" daemon [_thread_blocked, id=10072, stack(0x000000dd14400000,0x000000dd14500000)]
  0x000001ed4daff3b0 JavaThread "RMI TCP Accept-0" daemon [_thread_in_native, id=9792, stack(0x000000dd14600000,0x000000dd14700000)]
  0x000001ed4dafa350 JavaThread "RMI TCP Accept-51886" daemon [_thread_in_native, id=9160, stack(0x000000dd14700000,0x000000dd14800000)]
  0x000001ed4dbea020 JavaThread "RMI TCP Accept-0" daemon [_thread_in_native, id=5716, stack(0x000000dd14800000,0x000000dd14900000)]
  0x000001ed4da5a040 JavaThread "Thread-0" [_thread_blocked, id=7888, stack(0x000000dd14f00000,0x000000dd15000000)]
=>0x000001ed4dc38480 JavaThread "restartedMain" [_thread_in_vm, id=7616, stack(0x000000dd15000000,0x000000dd15100000)]
  0x000001ed4dfc1890 JavaThread "RMI TCP Connection(1)-127.0.0.1" daemon [_thread_in_native, id=10088, stack(0x000000dd15100000,0x000000dd15200000)]
  0x000001ed4df62670 JavaThread "RMI Scheduler(0)" daemon [_thread_blocked, id=3476, stack(0x000000dd15200000,0x000000dd15300000)]
  0x000001ed4df62b40 JavaThread "RMI TCP Connection(2)-127.0.0.1" daemon [_thread_in_native, id=7416, stack(0x000000dd15300000,0x000000dd15400000)]
  0x000001ed4ecbdd90 JavaThread "JMX server connection timeout 24" daemon [_thread_blocked, id=2732, stack(0x000000dd15400000,0x000000dd15500000)]
  0x000001ed4ecbe260 JavaThread "Catalina-utility-1" [_thread_blocked, id=2868, stack(0x000000dd15500000,0x000000dd15600000)]
  0x000001ed4ecbc0b0 JavaThread "Catalina-utility-2" [_thread_blocked, id=5876, stack(0x000000dd15600000,0x000000dd15700000)]
  0x000001ed4ecbc580 JavaThread "container-0" [_thread_blocked, id=2468, stack(0x000000dd15700000,0x000000dd15800000)]
  0x000001ed4ecbf5a0 JavaThread "mysql-cj-abandoned-connection-cleanup" daemon [_thread_blocked, id=1432, stack(0x000000dd15800000,0x000000dd15900000)]

Other Threads:
  0x000001ed41adeb20 VMThread "VM Thread" [stack: 0x000000dd13800000,0x000000dd13900000] [id=3816]
  0x000001ed41a4e660 WatcherThread [stack: 0x000000dd14900000,0x000000dd14a00000] [id=6484]
  0x000001ed41a3a520 GCTaskThread "GC Thread#0" [stack: 0x000000dd13300000,0x000000dd13400000] [id=7952]
  0x000001ed4dc13390 GCTaskThread "GC Thread#1" [stack: 0x000000dd14a00000,0x000000dd14b00000] [id=9872]
  0x000001ed4daf11f0 GCTaskThread "GC Thread#2" [stack: 0x000000dd14b00000,0x000000dd14c00000] [id=9664]
  0x000001ed4dbbf360 GCTaskThread "GC Thread#3" [stack: 0x000000dd14c00000,0x000000dd14d00000] [id=7172]
  0x000001ed41a438b0 ConcurrentGCThread "G1 Main Marker" [stack: 0x000000dd13400000,0x000000dd13500000] [id=7792]
  0x000001ed41a44070 ConcurrentGCThread "G1 Conc#0" [stack: 0x000000dd13500000,0x000000dd13600000] [id=3916]
  0x000001ed41a951c0 ConcurrentGCThread "G1 Refine#0" [stack: 0x000000dd13600000,0x000000dd13700000] [id=9644]
  0x000001ed4dbbf610 ConcurrentGCThread "G1 Refine#1" [stack: 0x000000dd14d00000,0x000000dd14e00000] [id=3724]
  0x000001ed4dc0e840 ConcurrentGCThread "G1 Refine#2" [stack: 0x000000dd14e00000,0x000000dd14f00000] [id=9760]
  0x000001ed41a95990 ConcurrentGCThread "G1 Service" [stack: 0x000000dd13700000,0x000000dd13800000] [id=996]

Threads with active compile tasks:

VM state: not at safepoint (normal execution)

VM Mutex/Monitor currently owned by a thread:  ([mutex/lock_event])
[0x000001ed41a05a90] Metaspace_lock - owner thread: 0x000001ed4dc38480

Heap address: 0x00000000c0800000, size: 1016 MB, Compressed Oops mode: 32-bit

CDS archive(s) not mapped
Compressed class space mapped at: 0x0000000100000000-0x0000000140000000, reserved size: 1073741824
Narrow klass base: 0x0000000000000000, Narrow klass shift: 3, Narrow klass range: 0x140000000

GC Precious Log:
 CPUs: 4 total, 4 available
 Memory: 4061M
 Large Page Support: Disabled
 NUMA Support: Disabled
 Compressed Oops: Enabled (32-bit)
 Heap Region Size: 1M
 Heap Min Capacity: 8M
 Heap Initial Capacity: 64M
 Heap Max Capacity: 1016M
 Pre-touch: Disabled
 Parallel Workers: 4
 Concurrent Workers: 1
 Concurrent Refinement Workers: 4
 Periodic GC: Disabled

Heap:
 garbage-first heap   total 106496K, used 30286K [0x00000000c0800000, 0x0000000100000000)
  region size 1024K, 16 young (16384K), 6 survivors (6144K)
 Metaspace       used 55374K, committed 55744K, reserved 1097728K
  class space    used 7305K, committed 7488K, reserved 1048576K

Heap Regions: E=young(eden), S=young(survivor), O=old, HS=humongous(starts), HC=humongous(continues), CS=collection set, F=free, OA=open archive, CA=closed archive, TAMS=top-at-mark-start (previous, next)
|   0|0x00000000c0800000, 0x00000000c0900000, 0x00000000c0900000|100%|HS|  |TAMS 0x00000000c0900000, 0x00000000c0800000| Complete 
|   1|0x00000000c0900000, 0x00000000c0a00000, 0x00000000c0a00000|100%| O|  |TAMS 0x00000000c0a00000, 0x00000000c0900000| Untracked 
|   2|0x00000000c0a00000, 0x00000000c0b00000, 0x00000000c0b00000|100%| O|  |TAMS 0x00000000c0b00000, 0x00000000c0a00000| Untracked 
|   3|0x00000000c0b00000, 0x00000000c0c00000, 0x00000000c0c00000|100%| O|  |TAMS 0x00000000c0c00000, 0x00000000c0b00000| Untracked 
|   4|0x00000000c0c00000, 0x00000000c0d00000, 0x00000000c0d00000|100%| O|  |TAMS 0x00000000c0d00000, 0x00000000c0c00000| Untracked 
|   5|0x00000000c0d00000, 0x00000000c0e00000, 0x00000000c0e00000|100%| O|  |TAMS 0x00000000c0e00000, 0x00000000c0d00000| Untracked 
|   6|0x00000000c0e00000, 0x00000000c0f00000, 0x00000000c0f00000|100%| O|  |TAMS 0x00000000c0e00000, 0x00000000c0e00000| Untracked 
|   7|0x00000000c0f00000, 0x00000000c1000000, 0x00000000c1000000|100%| O|  |TAMS 0x00000000c1000000, 0x00000000c0f00000| Untracked 
|   8|0x00000000c1000000, 0x00000000c1100000, 0x00000000c1100000|100%| O|  |TAMS 0x00000000c1100000, 0x00000000c1000000| Untracked 
|   9|0x00000000c1100000, 0x00000000c1200000, 0x00000000c1200000|100%| O|  |TAMS 0x00000000c1200000, 0x00000000c1100000| Untracked 
|  10|0x00000000c1200000, 0x00000000c1300000, 0x00000000c1300000|100%| O|  |TAMS 0x00000000c1200000, 0x00000000c1200000| Untracked 
|  11|0x00000000c1300000, 0x00000000c1400000, 0x00000000c1400000|100%| O|  |TAMS 0x00000000c1300000, 0x00000000c1300000| Untracked 
|  12|0x00000000c1400000, 0x00000000c1500000, 0x00000000c1500000|100%| O|  |TAMS 0x00000000c1400000, 0x00000000c1400000| Untracked 
|  13|0x00000000c1500000, 0x00000000c15d0600, 0x00000000c1600000| 81%| O|  |TAMS 0x00000000c1500000, 0x00000000c1500000| Untracked 
|  14|0x00000000c1600000, 0x00000000c1700000, 0x00000000c1700000|100%| O|  |TAMS 0x00000000c1700000, 0x00000000c1600000| Untracked 
|  15|0x00000000c1700000, 0x00000000c17a6400, 0x00000000c1800000| 64%| O|  |TAMS 0x00000000c177b800, 0x00000000c1700000| Untracked 
|  16|0x00000000c1800000, 0x00000000c1800000, 0x00000000c1900000|  0%| F|  |TAMS 0x00000000c1800000, 0x00000000c1800000| Untracked 
|  17|0x00000000c1900000, 0x00000000c1900000, 0x00000000c1a00000|  0%| F|  |TAMS 0x00000000c1900000, 0x00000000c1900000| Untracked 
|  18|0x00000000c1a00000, 0x00000000c1a00000, 0x00000000c1b00000|  0%| F|  |TAMS 0x00000000c1a00000, 0x00000000c1a00000| Untracked 
|  19|0x00000000c1b00000, 0x00000000c1b00000, 0x00000000c1c00000|  0%| F|  |TAMS 0x00000000c1b00000, 0x00000000c1b00000| Untracked 
|  20|0x00000000c1c00000, 0x00000000c1c00000, 0x00000000c1d00000|  0%| F|  |TAMS 0x00000000c1c00000, 0x00000000c1c00000| Untracked 
|  21|0x00000000c1d00000, 0x00000000c1d00000, 0x00000000c1e00000|  0%| F|  |TAMS 0x00000000c1d00000, 0x00000000c1d00000| Untracked 
|  22|0x00000000c1e00000, 0x00000000c1e00000, 0x00000000c1f00000|  0%| F|  |TAMS 0x00000000c1e00000, 0x00000000c1e00000| Untracked 
|  23|0x00000000c1f00000, 0x00000000c1f00000, 0x00000000c2000000|  0%| F|  |TAMS 0x00000000c1f00000, 0x00000000c1f00000| Untracked 
|  24|0x00000000c2000000, 0x00000000c2000000, 0x00000000c2100000|  0%| F|  |TAMS 0x00000000c2000000, 0x00000000c2000000| Untracked 
|  25|0x00000000c2100000, 0x00000000c2100000, 0x00000000c2200000|  0%| F|  |TAMS 0x00000000c2100000, 0x00000000c2100000| Untracked 
|  26|0x00000000c2200000, 0x00000000c2200000, 0x00000000c2300000|  0%| F|  |TAMS 0x00000000c2200000, 0x00000000c2200000| Untracked 
|  27|0x00000000c2300000, 0x00000000c2300000, 0x00000000c2400000|  0%| F|  |TAMS 0x00000000c2300000, 0x00000000c2300000| Untracked 
|  28|0x00000000c2400000, 0x00000000c2400000, 0x00000000c2500000|  0%| F|  |TAMS 0x00000000c2400000, 0x00000000c2400000| Untracked 
|  29|0x00000000c2500000, 0x00000000c2500000, 0x00000000c2600000|  0%| F|  |TAMS 0x00000000c2500000, 0x00000000c2500000| Untracked 
|  30|0x00000000c2600000, 0x00000000c2600000, 0x00000000c2700000|  0%| F|  |TAMS 0x00000000c2600000, 0x00000000c2600000| Untracked 
|  31|0x00000000c2700000, 0x00000000c2700000, 0x00000000c2800000|  0%| F|  |TAMS 0x00000000c2700000, 0x00000000c2700000| Untracked 
|  32|0x00000000c2800000, 0x00000000c2800000, 0x00000000c2900000|  0%| F|  |TAMS 0x00000000c2800000, 0x00000000c2800000| Untracked 
|  33|0x00000000c2900000, 0x00000000c2900000, 0x00000000c2a00000|  0%| F|  |TAMS 0x00000000c2900000, 0x00000000c2900000| Untracked 
|  34|0x00000000c2a00000, 0x00000000c2a00000, 0x00000000c2b00000|  0%| F|  |TAMS 0x00000000c2a00000, 0x00000000c2a00000| Untracked 
|  35|0x00000000c2b00000, 0x00000000c2b00000, 0x00000000c2c00000|  0%| F|  |TAMS 0x00000000c2b00000, 0x00000000c2b00000| Untracked 
|  36|0x00000000c2c00000, 0x00000000c2c00000, 0x00000000c2d00000|  0%| F|  |TAMS 0x00000000c2c00000, 0x00000000c2c00000| Untracked 
|  37|0x00000000c2d00000, 0x00000000c2d00000, 0x00000000c2e00000|  0%| F|  |TAMS 0x00000000c2d00000, 0x00000000c2d00000| Untracked 
|  38|0x00000000c2e00000, 0x00000000c2e1d040, 0x00000000c2f00000| 11%| S|CS|TAMS 0x00000000c2e00000, 0x00000000c2e00000| Complete 
|  39|0x00000000c2f00000, 0x00000000c3000000, 0x00000000c3000000|100%| S|CS|TAMS 0x00000000c2f00000, 0x00000000c2f00000| Complete 
|  40|0x00000000c3000000, 0x00000000c3100000, 0x00000000c3100000|100%| S|CS|TAMS 0x00000000c3000000, 0x00000000c3000000| Complete 
|  41|0x00000000c3100000, 0x00000000c3200000, 0x00000000c3200000|100%| S|CS|TAMS 0x00000000c3100000, 0x00000000c3100000| Complete 
|  42|0x00000000c3200000, 0x00000000c3300000, 0x00000000c3300000|100%| S|CS|TAMS 0x00000000c3200000, 0x00000000c3200000| Complete 
|  43|0x00000000c3300000, 0x00000000c3400000, 0x00000000c3400000|100%| S|CS|TAMS 0x00000000c3300000, 0x00000000c3300000| Complete 
|  44|0x00000000c3400000, 0x00000000c3400000, 0x00000000c3500000|  0%| F|  |TAMS 0x00000000c3400000, 0x00000000c3400000| Untracked 
|  45|0x00000000c3500000, 0x00000000c3500000, 0x00000000c3600000|  0%| F|  |TAMS 0x00000000c3500000, 0x00000000c3500000| Untracked 
|  46|0x00000000c3600000, 0x00000000c3600000, 0x00000000c3700000|  0%| F|  |TAMS 0x00000000c3600000, 0x00000000c3600000| Untracked 
|  47|0x00000000c3700000, 0x00000000c3700000, 0x00000000c3800000|  0%| F|  |TAMS 0x00000000c3700000, 0x00000000c3700000| Untracked 
|  48|0x00000000c3800000, 0x00000000c3800000, 0x00000000c3900000|  0%| F|  |TAMS 0x00000000c3800000, 0x00000000c3800000| Untracked 
|  49|0x00000000c3900000, 0x00000000c3900000, 0x00000000c3a00000|  0%| F|  |TAMS 0x00000000c3900000, 0x00000000c3900000| Untracked 
|  50|0x00000000c3a00000, 0x00000000c3a00000, 0x00000000c3b00000|  0%| F|  |TAMS 0x00000000c3a00000, 0x00000000c3a00000| Untracked 
|  51|0x00000000c3b00000, 0x00000000c3b00000, 0x00000000c3c00000|  0%| F|  |TAMS 0x00000000c3b00000, 0x00000000c3b00000| Untracked 
|  52|0x00000000c3c00000, 0x00000000c3c00000, 0x00000000c3d00000|  0%| F|  |TAMS 0x00000000c3c00000, 0x00000000c3c00000| Untracked 
|  53|0x00000000c3d00000, 0x00000000c3d00000, 0x00000000c3e00000|  0%| F|  |TAMS 0x00000000c3d00000, 0x00000000c3d00000| Untracked 
|  54|0x00000000c3e00000, 0x00000000c3e00000, 0x00000000c3f00000|  0%| F|  |TAMS 0x00000000c3e00000, 0x00000000c3e00000| Untracked 
|  55|0x00000000c3f00000, 0x00000000c3f00000, 0x00000000c4000000|  0%| F|  |TAMS 0x00000000c3f00000, 0x00000000c3f00000| Untracked 
|  56|0x00000000c4000000, 0x00000000c4000000, 0x00000000c4100000|  0%| F|  |TAMS 0x00000000c4000000, 0x00000000c4000000| Untracked 
|  57|0x00000000c4100000, 0x00000000c4100000, 0x00000000c4200000|  0%| F|  |TAMS 0x00000000c4100000, 0x00000000c4100000| Untracked 
|  58|0x00000000c4200000, 0x00000000c4200000, 0x00000000c4300000|  0%| F|  |TAMS 0x00000000c4200000, 0x00000000c4200000| Untracked 
|  59|0x00000000c4300000, 0x00000000c4300000, 0x00000000c4400000|  0%| F|  |TAMS 0x00000000c4300000, 0x00000000c4300000| Untracked 
|  60|0x00000000c4400000, 0x00000000c4400000, 0x00000000c4500000|  0%| F|  |TAMS 0x00000000c4400000, 0x00000000c4400000| Untracked 
|  61|0x00000000c4500000, 0x00000000c4500000, 0x00000000c4600000|  0%| F|  |TAMS 0x00000000c4500000, 0x00000000c4500000| Untracked 
|  62|0x00000000c4600000, 0x00000000c4600000, 0x00000000c4700000|  0%| F|  |TAMS 0x00000000c4600000, 0x00000000c4600000| Untracked 
|  63|0x00000000c4700000, 0x00000000c4700000, 0x00000000c4800000|  0%| F|  |TAMS 0x00000000c4700000, 0x00000000c4700000| Untracked 
|  64|0x00000000c4800000, 0x00000000c4800000, 0x00000000c4900000|  0%| F|  |TAMS 0x00000000c4800000, 0x00000000c4800000| Untracked 
|  65|0x00000000c4900000, 0x00000000c4900000, 0x00000000c4a00000|  0%| F|  |TAMS 0x00000000c4900000, 0x00000000c4900000| Untracked 
|  66|0x00000000c4a00000, 0x00000000c4a00000, 0x00000000c4b00000|  0%| F|  |TAMS 0x00000000c4a00000, 0x00000000c4a00000| Untracked 
|  67|0x00000000c4b00000, 0x00000000c4b00000, 0x00000000c4c00000|  0%| F|  |TAMS 0x00000000c4b00000, 0x00000000c4b00000| Untracked 
|  68|0x00000000c4c00000, 0x00000000c4c00000, 0x00000000c4d00000|  0%| F|  |TAMS 0x00000000c4c00000, 0x00000000c4c00000| Untracked 
|  69|0x00000000c4d00000, 0x00000000c4d00000, 0x00000000c4e00000|  0%| F|  |TAMS 0x00000000c4d00000, 0x00000000c4d00000| Untracked 
|  70|0x00000000c4e00000, 0x00000000c4e00000, 0x00000000c4f00000|  0%| F|  |TAMS 0x00000000c4e00000, 0x00000000c4e00000| Untracked 
|  71|0x00000000c4f00000, 0x00000000c4f00000, 0x00000000c5000000|  0%| F|  |TAMS 0x00000000c4f00000, 0x00000000c4f00000| Untracked 
|  72|0x00000000c5000000, 0x00000000c5000000, 0x00000000c5100000|  0%| F|  |TAMS 0x00000000c5000000, 0x00000000c5000000| Untracked 
|  73|0x00000000c5100000, 0x00000000c5100000, 0x00000000c5200000|  0%| F|  |TAMS 0x00000000c5100000, 0x00000000c5100000| Untracked 
|  74|0x00000000c5200000, 0x00000000c5200000, 0x00000000c5300000|  0%| F|  |TAMS 0x00000000c5200000, 0x00000000c5200000| Untracked 
|  75|0x00000000c5300000, 0x00000000c5300000, 0x00000000c5400000|  0%| F|  |TAMS 0x00000000c5300000, 0x00000000c5300000| Untracked 
|  76|0x00000000c5400000, 0x00000000c5400000, 0x00000000c5500000|  0%| F|  |TAMS 0x00000000c5400000, 0x00000000c5400000| Untracked 
|  77|0x00000000c5500000, 0x00000000c5500000, 0x00000000c5600000|  0%| F|  |TAMS 0x00000000c5500000, 0x00000000c5500000| Untracked 
|  78|0x00000000c5600000, 0x00000000c5600000, 0x00000000c5700000|  0%| F|  |TAMS 0x00000000c5600000, 0x00000000c5600000| Untracked 
|  79|0x00000000c5700000, 0x00000000c5700000, 0x00000000c5800000|  0%| F|  |TAMS 0x00000000c5700000, 0x00000000c5700000| Untracked 
|  80|0x00000000c5800000, 0x00000000c5800000, 0x00000000c5900000|  0%| F|  |TAMS 0x00000000c5800000, 0x00000000c5800000| Untracked 
|  81|0x00000000c5900000, 0x00000000c5900000, 0x00000000c5a00000|  0%| F|  |TAMS 0x00000000c5900000, 0x00000000c5900000| Untracked 
|  82|0x00000000c5a00000, 0x00000000c5a00000, 0x00000000c5b00000|  0%| F|  |TAMS 0x00000000c5a00000, 0x00000000c5a00000| Untracked 
|  83|0x00000000c5b00000, 0x00000000c5b00000, 0x00000000c5c00000|  0%| F|  |TAMS 0x00000000c5b00000, 0x00000000c5b00000| Untracked 
|  84|0x00000000c5c00000, 0x00000000c5c00000, 0x00000000c5d00000|  0%| F|  |TAMS 0x00000000c5c00000, 0x00000000c5c00000| Untracked 
|  85|0x00000000c5d00000, 0x00000000c5d00000, 0x00000000c5e00000|  0%| F|  |TAMS 0x00000000c5d00000, 0x00000000c5d00000| Untracked 
|  86|0x00000000c5e00000, 0x00000000c5e00000, 0x00000000c5f00000|  0%| F|  |TAMS 0x00000000c5e00000, 0x00000000c5e00000| Untracked 
|  87|0x00000000c5f00000, 0x00000000c5f00000, 0x00000000c6000000|  0%| F|  |TAMS 0x00000000c5f00000, 0x00000000c5f00000| Untracked 
|  88|0x00000000c6000000, 0x00000000c6000000, 0x00000000c6100000|  0%| F|  |TAMS 0x00000000c6000000, 0x00000000c6000000| Untracked 
|  89|0x00000000c6100000, 0x00000000c6100000, 0x00000000c6200000|  0%| F|  |TAMS 0x00000000c6100000, 0x00000000c6100000| Untracked 
|  90|0x00000000c6200000, 0x00000000c6200000, 0x00000000c6300000|  0%| F|  |TAMS 0x00000000c6200000, 0x00000000c6200000| Untracked 
|  91|0x00000000c6300000, 0x00000000c6300000, 0x00000000c6400000|  0%| F|  |TAMS 0x00000000c6300000, 0x00000000c6300000| Untracked 
|  92|0x00000000c6400000, 0x00000000c6400000, 0x00000000c6500000|  0%| F|  |TAMS 0x00000000c6400000, 0x00000000c6400000| Untracked 
|  93|0x00000000c6500000, 0x00000000c6500000, 0x00000000c6600000|  0%| F|  |TAMS 0x00000000c6500000, 0x00000000c6500000| Untracked 
|  94|0x00000000c6600000, 0x00000000c6690978, 0x00000000c6700000| 56%| E|  |TAMS 0x00000000c6600000, 0x00000000c6600000| Complete 
|  95|0x00000000c6700000, 0x00000000c6800000, 0x00000000c6800000|100%| E|CS|TAMS 0x00000000c6700000, 0x00000000c6700000| Complete 
|  96|0x00000000c6800000, 0x00000000c6900000, 0x00000000c6900000|100%| E|CS|TAMS 0x00000000c6800000, 0x00000000c6800000| Complete 
|  97|0x00000000c6900000, 0x00000000c6a00000, 0x00000000c6a00000|100%| E|CS|TAMS 0x00000000c6900000, 0x00000000c6900000| Complete 
|  98|0x00000000c6a00000, 0x00000000c6b00000, 0x00000000c6b00000|100%| E|CS|TAMS 0x00000000c6a00000, 0x00000000c6a00000| Complete 
|  99|0x00000000c6b00000, 0x00000000c6c00000, 0x00000000c6c00000|100%| E|CS|TAMS 0x00000000c6b00000, 0x00000000c6b00000| Complete 
| 100|0x00000000c6c00000, 0x00000000c6d00000, 0x00000000c6d00000|100%| E|CS|TAMS 0x00000000c6c00000, 0x00000000c6c00000| Complete 
| 101|0x00000000c6d00000, 0x00000000c6e00000, 0x00000000c6e00000|100%| E|CS|TAMS 0x00000000c6d00000, 0x00000000c6d00000| Complete 
| 102|0x00000000c6e00000, 0x00000000c6f00000, 0x00000000c6f00000|100%| E|CS|TAMS 0x00000000c6e00000, 0x00000000c6e00000| Complete 
| 103|0x00000000c6f00000, 0x00000000c7000000, 0x00000000c7000000|100%| E|CS|TAMS 0x00000000c6f00000, 0x00000000c6f00000| Complete 

Card table byte_map: [0x000001ed480b0000,0x000001ed482b0000] _byte_map_base: 0x000001ed47aac000

Marking Bits (Prev, Next): (CMBitMap*) 0x000001ed41a3a8e0, (CMBitMap*) 0x000001ed41a3a920
 Prev Bits: [0x000001ed484b0000, 0x000001ed49490000)
 Next Bits: [0x000001ed49490000, 0x000001ed4a470000)

Polling page: 0x000001ed3f9d0000

Metaspace:

Usage:
  Non-class:     46.94 MB used.
      Class:      7.13 MB used.
       Both:     54.08 MB used.

Virtual space:
  Non-class space:       48.00 MB reserved,      47.12 MB ( 98%) committed,  6 nodes.
      Class space:        1.00 GB reserved,       7.31 MB ( <1%) committed,  1 nodes.
             Both:        1.05 GB reserved,      54.44 MB (  5%) committed. 

Chunk freelists:
   Non-Class:  688.00 KB
       Class:  592.00 KB
        Both:  1.25 MB

MaxMetaspaceSize: unlimited
CompressedClassSpaceSize: 1.00 GB
Initial GC threshold: 21.00 MB
Current GC threshold: 59.06 MB
CDS: off
MetaspaceReclaimPolicy: balanced
 - commit_granule_bytes: 65536.
 - commit_granule_words: 8192.
 - virtual_space_node_default_size: 1048576.
 - enlarge_chunks_in_place: 1.
 - new_chunks_are_fully_committed: 0.
 - uncommit_free_chunks: 1.
 - use_allocation_guard: 0.
 - handle_deallocations: 1.


Internal statistics:

num_allocs_failed_limit: 8.
num_arena_births: 432.
num_arena_deaths: 0.
num_vsnodes_births: 7.
num_vsnodes_deaths: 0.
num_space_committed: 871.
num_space_uncommitted: 0.
num_chunks_returned_to_freelist: 8.
num_chunks_taken_from_freelist: 1974.
num_chunk_merges: 8.
num_chunk_splits: 1396.
num_chunks_enlarged: 1068.
num_purges: 0.
num_inconsistent_stats: 0.

CodeCache: size=49152Kb used=8763Kb max_used=8763Kb free=40388Kb
 bounds [0x000001ed450b0000, 0x000001ed45940000, 0x000001ed480b0000]
 total_blobs=4699 nmethods=4096 adapters=528
 compilation: enabled
              stopped_count=0, restarted_count=0
 full_count=0

Compilation events (20 events):
Event: 6.105 Thread 0x000001ed41aaafd0 4080       1       org.hibernate.validator.internal.util.Contracts::assertValueNotNull (23 bytes)
Event: 6.105 Thread 0x000001ed4d496540 4081       1       org.hibernate.validator.internal.properties.javabean.JavaBeanMethod::getConstrainedElementKind (4 bytes)
Event: 6.105 Thread 0x000001ed4d496540 nmethod 4081 0x000001ed45936e10 code [0x000001ed45936fa0, 0x000001ed45937078]
Event: 6.106 Thread 0x000001ed41aaafd0 nmethod 4080 0x000001ed45937110 code [0x000001ed459373a0, 0x000001ed45937e08]
Event: 6.114 Thread 0x000001ed41aaafd0 4082       1       org.hibernate.validator.internal.metadata.raw.AbstractConstrainedElement::getCascadingMetaDataBuilder (5 bytes)
Event: 6.114 Thread 0x000001ed4c949d20 4083       1       org.hibernate.validator.internal.util.CollectionHelper::toImmutableSet (56 bytes)
Event: 6.114 Thread 0x000001ed41aaafd0 nmethod 4082 0x000001ed45938990 code [0x000001ed45938b20, 0x000001ed45938bf8]
Event: 6.114 Thread 0x000001ed4d496540 4084       1       java.util.HashMap$KeySpliterator::characteristics (30 bytes)
Event: 6.115 Thread 0x000001ed4d496540 nmethod 4084 0x000001ed45938c90 code [0x000001ed45938e20, 0x000001ed45938f18]
Event: 6.115 Thread 0x000001ed41aaafd0 4085       1       org.hibernate.validator.internal.util.CollectionHelper::newHashSet (8 bytes)
Event: 6.115 Thread 0x000001ed4c949d20 nmethod 4083 0x000001ed45938f90 code [0x000001ed45939180, 0x000001ed45939578]
Event: 6.115 Thread 0x000001ed4c949d20 4086       1       java.util.HashMap$KeySpliterator::forEachRemaining (186 bytes)
Event: 6.115 Thread 0x000001ed41aaafd0 nmethod 4085 0x000001ed45939710 code [0x000001ed459398a0, 0x000001ed45939a58]
Event: 6.115 Thread 0x000001ed41aaafd0 4087       1       java.util.Collections$EmptyMap::isEmpty (2 bytes)
Event: 6.115 Thread 0x000001ed41aaafd0 nmethod 4087 0x000001ed45939b10 code [0x000001ed45939ca0, 0x000001ed45939d78]
Event: 6.115 Thread 0x000001ed4c949d20 nmethod 4086 0x000001ed45939e10 code [0x000001ed45939fe0, 0x000001ed4593a3a8]
Event: 6.139 Thread 0x000001ed4d496540 4088       1       org.hibernate.service.spi.ServiceBinding::getService (5 bytes)
Event: 6.139 Thread 0x000001ed4d496540 nmethod 4088 0x000001ed4593a890 code [0x000001ed4593aa20, 0x000001ed4593aaf8]
Event: 6.197 Thread 0x000001ed4d496540 4089       1       java.util.Locale::getVariant (8 bytes)
Event: 6.197 Thread 0x000001ed4d496540 nmethod 4089 0x000001ed4593bd90 code [0x000001ed4593bf20, 0x000001ed4593bff8]

GC Heap History (20 events):
Event: 1.482 GC heap before
{Heap before GC invocations=4 (full 0):
 garbage-first heap   total 65536K, used 18479K [0x00000000c0800000, 0x0000000100000000)
  region size 1024K, 13 young (13312K), 3 survivors (3072K)
 Metaspace       used 21297K, committed 21504K, reserved 1073152K
  class space    used 2496K, committed 2624K, reserved 1048576K
}
Event: 1.485 GC heap after
{Heap after GC invocations=5 (full 0):
 garbage-first heap   total 65536K, used 9775K [0x00000000c0800000, 0x0000000100000000)
  region size 1024K, 3 young (3072K), 3 survivors (3072K)
 Metaspace       used 21297K, committed 21504K, reserved 1073152K
  class space    used 2496K, committed 2624K, reserved 1048576K
}
Event: 1.746 GC heap before
{Heap before GC invocations=6 (full 0):
 garbage-first heap   total 37888K, used 29231K [0x00000000c0800000, 0x0000000100000000)
  region size 1024K, 23 young (23552K), 3 survivors (3072K)
 Metaspace       used 24946K, committed 25216K, reserved 1073152K
  class space    used 3082K, committed 3200K, reserved 1048576K
}
Event: 1.751 GC heap after
{Heap after GC invocations=7 (full 0):
 garbage-first heap   total 37888K, used 11234K [0x00000000c0800000, 0x0000000100000000)
  region size 1024K, 4 young (4096K), 4 survivors (4096K)
 Metaspace       used 24946K, committed 25216K, reserved 1073152K
  class space    used 3082K, committed 3200K, reserved 1048576K
}
Event: 1.766 GC heap before
{Heap before GC invocations=7 (full 0):
 garbage-first heap   total 37888K, used 12258K [0x00000000c0800000, 0x0000000100000000)
  region size 1024K, 5 young (5120K), 4 survivors (4096K)
 Metaspace       used 25168K, committed 25472K, reserved 1073152K
  class space    used 3120K, committed 3264K, reserved 1048576K
}
Event: 1.770 GC heap after
{Heap after GC invocations=8 (full 0):
 garbage-first heap   total 67584K, used 11339K [0x00000000c0800000, 0x0000000100000000)
  region size 1024K, 1 young (1024K), 1 survivors (1024K)
 Metaspace       used 25168K, committed 25472K, reserved 1073152K
  class space    used 3120K, committed 3264K, reserved 1048576K
}
Event: 1.803 GC heap before
{Heap before GC invocations=8 (full 0):
 garbage-first heap   total 67584K, used 49227K [0x00000000c0800000, 0x0000000100000000)
  region size 1024K, 39 young (39936K), 1 survivors (1024K)
 Metaspace       used 25667K, committed 25984K, reserved 1073152K
  class space    used 3172K, committed 3328K, reserved 1048576K
}
Event: 1.804 GC heap after
{Heap after GC invocations=9 (full 0):
 garbage-first heap   total 67584K, used 11046K [0x00000000c0800000, 0x0000000100000000)
  region size 1024K, 1 young (1024K), 1 survivors (1024K)
 Metaspace       used 25667K, committed 25984K, reserved 1073152K
  class space    used 3172K, committed 3328K, reserved 1048576K
}
Event: 2.289 GC heap before
{Heap before GC invocations=9 (full 0):
 garbage-first heap   total 67584K, used 49958K [0x00000000c0800000, 0x0000000100000000)
  region size 1024K, 39 young (39936K), 1 survivors (1024K)
 Metaspace       used 30701K, committed 31040K, reserved 1081344K
  class space    used 3817K, committed 3968K, reserved 1048576K
}
Event: 2.291 GC heap after
{Heap after GC invocations=10 (full 0):
 garbage-first heap   total 67584K, used 12995K [0x00000000c0800000, 0x0000000100000000)
  region size 1024K, 3 young (3072K), 3 survivors (3072K)
 Metaspace       used 30701K, committed 31040K, reserved 1081344K
  class space    used 3817K, committed 3968K, reserved 1048576K
}
Event: 3.077 GC heap before
{Heap before GC invocations=10 (full 0):
 garbage-first heap   total 67584K, used 47811K [0x00000000c0800000, 0x0000000100000000)
  region size 1024K, 38 young (38912K), 3 survivors (3072K)
 Metaspace       used 35787K, committed 36160K, reserved 1081344K
  class space    used 4592K, committed 4736K, reserved 1048576K
}
Event: 3.083 GC heap after
{Heap after GC invocations=11 (full 0):
 garbage-first heap   total 67584K, used 16025K [0x00000000c0800000, 0x0000000100000000)
  region size 1024K, 5 young (5120K), 5 survivors (5120K)
 Metaspace       used 35787K, committed 36160K, reserved 1081344K
  class space    used 4592K, committed 4736K, reserved 1048576K
}
Event: 3.294 GC heap before
{Heap before GC invocations=12 (full 0):
 garbage-first heap   total 58368K, used 48793K [0x00000000c0800000, 0x0000000100000000)
  region size 1024K, 39 young (39936K), 5 survivors (5120K)
 Metaspace       used 37513K, committed 37888K, reserved 1089536K
  class space    used 4834K, committed 4992K, reserved 1048576K
}
Event: 3.300 GC heap after
{Heap after GC invocations=13 (full 0):
 garbage-first heap   total 58368K, used 17275K [0x00000000c0800000, 0x0000000100000000)
  region size 1024K, 2 young (2048K), 2 survivors (2048K)
 Metaspace       used 37513K, committed 37888K, reserved 1089536K
  class space    used 4834K, committed 4992K, reserved 1048576K
}
Event: 3.373 GC heap before
{Heap before GC invocations=13 (full 0):
 garbage-first heap   total 58368K, used 43899K [0x00000000c0800000, 0x0000000100000000)
  region size 1024K, 29 young (29696K), 2 survivors (2048K)
 Metaspace       used 37962K, committed 38336K, reserved 1089536K
  class space    used 4876K, committed 5056K, reserved 1048576K
}
Event: 3.375 GC heap after
{Heap after GC invocations=14 (full 0):
 garbage-first heap   total 58368K, used 17310K [0x00000000c0800000, 0x0000000100000000)
  region size 1024K, 2 young (2048K), 2 survivors (2048K)
 Metaspace       used 37962K, committed 38336K, reserved 1089536K
  class space    used 4876K, committed 5056K, reserved 1048576K
}
Event: 3.382 GC heap before
{Heap before GC invocations=14 (full 0):
 garbage-first heap   total 58368K, used 44958K [0x00000000c0800000, 0x0000000100000000)
  region size 1024K, 30 young (30720K), 2 survivors (2048K)
 Metaspace       used 37962K, committed 38336K, reserved 1089536K
  class space    used 4876K, committed 5056K, reserved 1048576K
}
Event: 3.384 GC heap after
{Heap after GC invocations=15 (full 0):
 garbage-first heap   total 106496K, used 17186K [0x00000000c0800000, 0x0000000100000000)
  region size 1024K, 2 young (2048K), 2 survivors (2048K)
 Metaspace       used 37962K, committed 38336K, reserved 1089536K
  class space    used 4876K, committed 5056K, reserved 1048576K
}
Event: 5.959 GC heap before
{Heap before GC invocations=15 (full 0):
 garbage-first heap   total 106496K, used 78626K [0x00000000c0800000, 0x0000000100000000)
  region size 1024K, 62 young (63488K), 2 survivors (2048K)
 Metaspace       used 52868K, committed 53184K, reserved 1097728K
  class space    used 6981K, committed 7104K, reserved 1048576K
}
Event: 5.966 GC heap after
{Heap after GC invocations=16 (full 0):
 garbage-first heap   total 106496K, used 21070K [0x00000000c0800000, 0x0000000100000000)
  region size 1024K, 6 young (6144K), 6 survivors (6144K)
 Metaspace       used 52868K, committed 53184K, reserved 1097728K
  class space    used 6981K, committed 7104K, reserved 1048576K
}

Deoptimization events (10 events):
Event: 0.823 Thread 0x000001ed41a0b440 DEOPT PACKING pc=0x000001ed4536b8f5 sp=0x000000dd132fdc00
Event: 0.823 Thread 0x000001ed41a0b440 DEOPT UNPACKING pc=0x000001ed45102b43 sp=0x000000dd132fd058 mode 3
Event: 1.469 Thread 0x000001ed4ecbfa70 DEOPT PACKING pc=0x000001ed455c2185 sp=0x000000dd155fbcd0
Event: 1.469 Thread 0x000001ed4ecbfa70 DEOPT UNPACKING pc=0x000001ed45102b43 sp=0x000000dd155fb230 mode 3
Event: 1.524 Thread 0x000001ed4dc38480 DEOPT PACKING pc=0x000001ed455df499 sp=0x000000dd150fcc30
Event: 1.524 Thread 0x000001ed4dc38480 DEOPT UNPACKING pc=0x000001ed45102b43 sp=0x000000dd150fc110 mode 3
Event: 2.454 Thread 0x000001ed4dc38480 DEOPT PACKING pc=0x000001ed45609394 sp=0x000000dd150fd050
Event: 2.454 Thread 0x000001ed4dc38480 DEOPT UNPACKING pc=0x000001ed45102b43 sp=0x000000dd150fc5a8 mode 0
Event: 2.746 Thread 0x000001ed4dc38480 DEOPT PACKING pc=0x000001ed457bb7f5 sp=0x000000dd150fc650
Event: 2.746 Thread 0x000001ed4dc38480 DEOPT UNPACKING pc=0x000001ed45102b43 sp=0x000000dd150fbac0 mode 3

Classes unloaded (0 events):
No events

Classes redefined (0 events):
No events

Internal exceptions (20 events):
Event: 3.095 Thread 0x000001ed4dc38480 Exception <a 'java/lang/NoSuchMethodError'{0x00000000c4998918}: 'void java.lang.invoke.DirectMethodHandle$Holder.invokeStatic(java.lang.Object, int, java.lang.Object)'> (0x00000000c4998918) 
thrown [e:\jenkins\tmp\workspace\build\src\src\hotspot\share\interpreter\linkResolver.cpp, line 766]
Event: 3.098 Thread 0x000001ed4dc38480 Exception <a 'java/lang/NoSuchMethodError'{0x00000000c49c7fc8}: 'int java.lang.invoke.DirectMethodHandle$Holder.invokeSpecial(java.lang.Object, java.lang.Object, int)'> (0x00000000c49c7fc8) 
thrown [e:\jenkins\tmp\workspace\build\src\src\hotspot\share\interpreter\linkResolver.cpp, line 766]
Event: 3.114 Thread 0x000001ed4df62b40 Exception <a 'java/lang/reflect/InvocationTargetException'{0x00000000c3ffb098}> (0x00000000c3ffb098) 
thrown [e:\jenkins\tmp\workspace\build\src\src\hotspot\share\runtime\reflection.cpp, line 1121]
Event: 3.319 Thread 0x000001ed4dc38480 Exception <a 'sun/nio/fs/WindowsException'{0x00000000c2fe7fa8}> (0x00000000c2fe7fa8) 
thrown [e:\jenkins\tmp\workspace\build\src\src\hotspot\share\prims\jni.cpp, line 516]
Event: 3.320 Thread 0x000001ed4dc38480 Exception <a 'sun/nio/fs/WindowsException'{0x00000000c2fedc78}> (0x00000000c2fedc78) 
thrown [e:\jenkins\tmp\workspace\build\src\src\hotspot\share\prims\jni.cpp, line 516]
Event: 3.321 Thread 0x000001ed4dc38480 Exception <a 'sun/nio/fs/WindowsException'{0x00000000c2fee370}> (0x00000000c2fee370) 
thrown [e:\jenkins\tmp\workspace\build\src\src\hotspot\share\prims\jni.cpp, line 516]
Event: 3.441 Thread 0x000001ed4dc38480 Exception <a 'java/io/FileNotFoundException'{0x00000000c6a76300}> (0x00000000c6a76300) 
thrown [e:\jenkins\tmp\workspace\build\src\src\hotspot\share\prims\jni.cpp, line 516]
Event: 3.487 Thread 0x000001ed4dc38480 Exception <a 'java/lang/NoSuchMethodError'{0x00000000c6889538}: 'int java.lang.invoke.DirectMethodHandle$Holder.invokeInterface(java.lang.Object, java.lang.Object, java.lang.Object, java.lang.Object)'> (0x00000000c6889538) 
thrown [e:\jenkins\tmp\workspace\build\src\src\hotspot\share\interpreter\linkResolver.cpp, line 766]
Event: 3.599 Thread 0x000001ed4dc38480 Exception <a 'java/io/FileNotFoundException'{0x00000000c6504838}> (0x00000000c6504838) 
thrown [e:\jenkins\tmp\workspace\build\src\src\hotspot\share\prims\jni.cpp, line 516]
Event: 3.618 Thread 0x000001ed4df62b40 Exception <a 'java/lang/reflect/InvocationTargetException'{0x00000000c6401bc0}> (0x00000000c6401bc0) 
thrown [e:\jenkins\tmp\workspace\build\src\src\hotspot\share\runtime\reflection.cpp, line 1121]
Event: 4.120 Thread 0x000001ed4df62b40 Exception <a 'java/lang/reflect/InvocationTargetException'{0x00000000c6405e80}> (0x00000000c6405e80) 
thrown [e:\jenkins\tmp\workspace\build\src\src\hotspot\share\runtime\reflection.cpp, line 1121]
Event: 4.456 Thread 0x000001ed4dc38480 Exception <a 'sun/nio/fs/WindowsException'{0x00000000c44cfd20}> (0x00000000c44cfd20) 
thrown [e:\jenkins\tmp\workspace\build\src\src\hotspot\share\prims\jni.cpp, line 516]
Event: 4.465 Thread 0x000001ed4dc38480 Exception <a 'java/lang/NoSuchMethodError'{0x00000000c44f0938}: 'int java.lang.invoke.DirectMethodHandle$Holder.invokeStaticInit(java.lang.Object, java.lang.Object, java.lang.Object, java.lang.Object)'> (0x00000000c44f0938) 
thrown [e:\jenkins\tmp\workspace\build\src\src\hotspot\share\interpreter\linkResolver.cpp, line 766]
Event: 4.631 Thread 0x000001ed4df62b40 Exception <a 'java/lang/reflect/InvocationTargetException'{0x00000000c6409f20}> (0x00000000c6409f20) 
thrown [e:\jenkins\tmp\workspace\build\src\src\hotspot\share\runtime\reflection.cpp, line 1121]
Event: 4.688 Thread 0x000001ed4dc38480 Exception <a 'java/io/IOException'{0x00000000c3ec6780}> (0x00000000c3ec6780) 
thrown [e:\jenkins\tmp\workspace\build\src\src\hotspot\share\prims\jni.cpp, line 516]
Event: 4.688 Thread 0x000001ed4dc38480 Exception <a 'java/io/IOException'{0x00000000c3ec8388}> (0x00000000c3ec8388) 
thrown [e:\jenkins\tmp\workspace\build\src\src\hotspot\share\prims\jni.cpp, line 516]
Event: 5.134 Thread 0x000001ed4df62b40 Exception <a 'java/lang/reflect/InvocationTargetException'{0x00000000c3e03da8}> (0x00000000c3e03da8) 
thrown [e:\jenkins\tmp\workspace\build\src\src\hotspot\share\runtime\reflection.cpp, line 1121]
Event: 5.688 Thread 0x000001ed4df62b40 Exception <a 'java/lang/reflect/InvocationTargetException'{0x00000000c3e07e48}> (0x00000000c3e07e48) 
thrown [e:\jenkins\tmp\workspace\build\src\src\hotspot\share\runtime\reflection.cpp, line 1121]
Event: 5.701 Thread 0x000001ed4dc38480 Exception <a 'java/lang/NoClassDefFoundError'{0x00000000c3d2b490}: sun/reflect/Reflection> (0x00000000c3d2b490) 
thrown [e:\jenkins\tmp\workspace\build\src\src\hotspot\share\classfile\systemDictionary.cpp, line 245]
Event: 5.971 Thread 0x000001ed4dc38480 Exception <a 'java/lang/NoSuchMethodError'{0x00000000c6f2e008}: 'java.lang.Object java.lang.invoke.DirectMethodHandle$Holder.newInvokeSpecial(java.lang.Object, java.lang.Object, int, java.lang.Object, java.lang.Object)'> (0x00000000c6f2e008) 
thrown [e:\jenkins\tmp\workspace\build\src\src\hotspot\share\interpreter\linkResolver.cpp, line 766]

VM Operations (20 events):
Event: 3.525 Executing VM operation: HandshakeAllThreads
Event: 3.525 Executing VM operation: HandshakeAllThreads done
Event: 3.525 Executing VM operation: HandshakeAllThreads
Event: 3.525 Executing VM operation: HandshakeAllThreads done
Event: 3.605 Executing VM operation: HandshakeAllThreads
Event: 3.605 Executing VM operation: HandshakeAllThreads done
Event: 3.646 Executing VM operation: HandshakeAllThreads
Event: 3.646 Executing VM operation: HandshakeAllThreads done
Event: 4.414 Executing VM operation: ICBufferFull
Event: 4.414 Executing VM operation: ICBufferFull done
Event: 4.430 Executing VM operation: HandshakeAllThreads
Event: 4.430 Executing VM operation: HandshakeAllThreads done
Event: 4.461 Executing VM operation: HandshakeAllThreads
Event: 4.461 Executing VM operation: HandshakeAllThreads done
Event: 4.639 Executing VM operation: HandshakeAllThreads
Event: 4.639 Executing VM operation: HandshakeAllThreads done
Event: 5.640 Executing VM operation: Cleanup
Event: 5.640 Executing VM operation: Cleanup done
Event: 5.959 Executing VM operation: G1CollectForAllocation
Event: 5.966 Executing VM operation: G1CollectForAllocation done

Events (20 events):
Event: 5.954 loading class javax/naming/StringRefAddr
Event: 5.954 loading class javax/naming/StringRefAddr done
Event: 5.954 loading class java/io/InvalidObjectException
Event: 5.954 loading class java/io/InvalidObjectException done
Event: 5.999 loading class java/util/concurrent/CompletionStage
Event: 6.000 loading class java/util/concurrent/CompletionStage done
Event: 6.000 loading class java/util/concurrent/CompletableFuture
Event: 6.001 loading class java/util/concurrent/CompletableFuture done
Event: 6.001 loading class java/util/concurrent/CompletableFuture$AltResult
Event: 6.001 loading class java/util/concurrent/CompletableFuture$AltResult done
Event: 6.001 loading class java/util/concurrent/CompletableFuture$Completion
Event: 6.002 loading class java/util/concurrent/CompletableFuture$AsynchronousCompletionTask
Event: 6.002 loading class java/util/concurrent/CompletableFuture$AsynchronousCompletionTask done
Event: 6.002 loading class java/util/concurrent/ForkJoinTask
Event: 6.002 loading class java/util/concurrent/ForkJoinTask done
Event: 6.002 loading class java/util/concurrent/CompletableFuture$Completion done
Event: 6.098 loading class sun/reflect/annotation/TypeAnnotation$TypeAnnotationTargetInfo
Event: 6.098 loading class sun/reflect/annotation/TypeAnnotation$TypeAnnotationTargetInfo done
Event: 6.180 loading class jdk/internal/reflect/UnsafeLongFieldAccessorImpl
Event: 6.181 loading class jdk/internal/reflect/UnsafeLongFieldAccessorImpl done


Dynamic libraries:
0x00007ff6dee50000 - 0x00007ff6dee5e000 	C:\Users\Gabriel\Desktop\SpringToolsSuite4\sts-4.13.0.RELEASE\plugins\org.eclipse.justj.openjdk.hotspot.jre.full.win32.x86_64_17.0.1.v20211116-1657\jre\bin\javaw.exe
0x00007ff8b67b0000 - 0x00007ff8b69a5000 	C:\WINDOWS\SYSTEM32\ntdll.dll
0x00007ff8b5740000 - 0x00007ff8b57fe000 	C:\WINDOWS\System32\KERNEL32.DLL
0x00007ff8b41d0000 - 0x00007ff8b4498000 	C:\WINDOWS\System32\KERNELBASE.dll
0x00007ff8b4030000 - 0x00007ff8b4130000 	C:\WINDOWS\System32\ucrtbase.dll
0x00007ff8a2480000 - 0x00007ff8a2498000 	C:\Users\Gabriel\Desktop\SpringToolsSuite4\sts-4.13.0.RELEASE\plugins\org.eclipse.justj.openjdk.hotspot.jre.full.win32.x86_64_17.0.1.v20211116-1657\jre\bin\jli.dll
0x00007ff8a98c0000 - 0x00007ff8a98d9000 	C:\Users\Gabriel\Desktop\SpringToolsSuite4\sts-4.13.0.RELEASE\plugins\org.eclipse.justj.openjdk.hotspot.jre.full.win32.x86_64_17.0.1.v20211116-1657\jre\bin\VCRUNTIME140.dll
0x00007ff8b4940000 - 0x00007ff8b4ae1000 	C:\WINDOWS\System32\USER32.dll
0x00007ff8b4000000 - 0x00007ff8b4022000 	C:\WINDOWS\System32\win32u.dll
0x00007ff8b59b0000 - 0x00007ff8b59db000 	C:\WINDOWS\System32\GDI32.dll
0x00007ff8b44a0000 - 0x00007ff8b45ad000 	C:\WINDOWS\System32\gdi32full.dll
0x00007ff8b4130000 - 0x00007ff8b41cd000 	C:\WINDOWS\System32\msvcp_win.dll
0x00007ff8a0ca0000 - 0x00007ff8a0f3a000 	C:\WINDOWS\WinSxS\amd64_microsoft.windows.common-controls_6595b64144ccf1df_6.0.19041.1110_none_60b5254171f9507e\COMCTL32.dll
0x00007ff8b4bf0000 - 0x00007ff8b4c8e000 	C:\WINDOWS\System32\msvcrt.dll
0x00007ff8b5c60000 - 0x00007ff8b5c90000 	C:\WINDOWS\System32\IMM32.DLL
0x00007ff8aef40000 - 0x00007ff8aef4c000 	C:\Users\Gabriel\Desktop\SpringToolsSuite4\sts-4.13.0.RELEASE\plugins\org.eclipse.justj.openjdk.hotspot.jre.full.win32.x86_64_17.0.1.v20211116-1657\jre\bin\vcruntime140_1.dll
0x00007ff88f420000 - 0x00007ff88f4b1000 	C:\Users\Gabriel\Desktop\SpringToolsSuite4\sts-4.13.0.RELEASE\plugins\org.eclipse.justj.openjdk.hotspot.jre.full.win32.x86_64_17.0.1.v20211116-1657\jre\bin\msvcp140.dll
0x00007ff869050000 - 0x00007ff869c96000 	C:\Users\Gabriel\Desktop\SpringToolsSuite4\sts-4.13.0.RELEASE\plugins\org.eclipse.justj.openjdk.hotspot.jre.full.win32.x86_64_17.0.1.v20211116-1657\jre\bin\server\jvm.dll
0x00007ff8b5900000 - 0x00007ff8b59ae000 	C:\WINDOWS\System32\ADVAPI32.dll
0x00007ff8b4af0000 - 0x00007ff8b4b8c000 	C:\WINDOWS\System32\sechost.dll
0x00007ff8b6160000 - 0x00007ff8b6285000 	C:\WINDOWS\System32\RPCRT4.dll
0x00007ff8b59e0000 - 0x00007ff8b59e8000 	C:\WINDOWS\System32\PSAPI.DLL
0x00007ff8afb00000 - 0x00007ff8afb09000 	C:\WINDOWS\SYSTEM32\WSOCK32.dll
0x00007ff8a92f0000 - 0x00007ff8a9317000 	C:\WINDOWS\SYSTEM32\WINMM.dll
0x00007ff8adfd0000 - 0x00007ff8adfda000 	C:\WINDOWS\SYSTEM32\VERSION.dll
0x00007ff8b5bf0000 - 0x00007ff8b5c5b000 	C:\WINDOWS\System32\WS2_32.dll
0x00007ff8b1dd0000 - 0x00007ff8b1de2000 	C:\WINDOWS\SYSTEM32\kernel.appcore.dll
0x00007ff8afad0000 - 0x00007ff8afada000 	C:\Users\Gabriel\Desktop\SpringToolsSuite4\sts-4.13.0.RELEASE\plugins\org.eclipse.justj.openjdk.hotspot.jre.full.win32.x86_64_17.0.1.v20211116-1657\jre\bin\jimage.dll
0x00007ff8ac8f0000 - 0x00007ff8acad4000 	C:\WINDOWS\SYSTEM32\DBGHELP.DLL
0x00007ff8a21d0000 - 0x00007ff8a21fc000 	C:\WINDOWS\SYSTEM32\dbgcore.DLL
0x00007ff8b3ec0000 - 0x00007ff8b3f42000 	C:\WINDOWS\System32\bcryptPrimitives.dll
0x00007ff8aef50000 - 0x00007ff8aef75000 	C:\Users\Gabriel\Desktop\SpringToolsSuite4\sts-4.13.0.RELEASE\plugins\org.eclipse.justj.openjdk.hotspot.jre.full.win32.x86_64_17.0.1.v20211116-1657\jre\bin\java.dll
0x00007ff8aee30000 - 0x00007ff8aee48000 	C:\Users\Gabriel\Desktop\SpringToolsSuite4\sts-4.13.0.RELEASE\plugins\org.eclipse.justj.openjdk.hotspot.jre.full.win32.x86_64_17.0.1.v20211116-1657\jre\bin\zip.dll
0x00007ff8b4c90000 - 0x00007ff8b53d4000 	C:\WINDOWS\System32\SHELL32.dll
0x00007ff8b1fd0000 - 0x00007ff8b2765000 	C:\WINDOWS\SYSTEM32\windows.storage.dll
0x00007ff8b53e0000 - 0x00007ff8b5735000 	C:\WINDOWS\System32\combase.dll
0x00007ff8b3910000 - 0x00007ff8b393e000 	C:\WINDOWS\SYSTEM32\Wldp.dll
0x00007ff8b6000000 - 0x00007ff8b60ad000 	C:\WINDOWS\System32\SHCORE.dll
0x00007ff8b47f0000 - 0x00007ff8b4845000 	C:\WINDOWS\System32\shlwapi.dll
0x00007ff8b3e00000 - 0x00007ff8b3e1f000 	C:\WINDOWS\SYSTEM32\profapi.dll
0x00007ff8aee00000 - 0x00007ff8aee19000 	C:\Users\Gabriel\Desktop\SpringToolsSuite4\sts-4.13.0.RELEASE\plugins\org.eclipse.justj.openjdk.hotspot.jre.full.win32.x86_64_17.0.1.v20211116-1657\jre\bin\net.dll
0x00007ff8a7250000 - 0x00007ff8a735c000 	C:\WINDOWS\SYSTEM32\WINHTTP.dll
0x00007ff8b3670000 - 0x00007ff8b36da000 	C:\WINDOWS\system32\mswsock.dll
0x00007ff8aeb00000 - 0x00007ff8aeb15000 	C:\Users\Gabriel\Desktop\SpringToolsSuite4\sts-4.13.0.RELEASE\plugins\org.eclipse.justj.openjdk.hotspot.jre.full.win32.x86_64_17.0.1.v20211116-1657\jre\bin\nio.dll
0x00007ff8aedf0000 - 0x00007ff8aedf9000 	C:\Users\Gabriel\Desktop\SpringToolsSuite4\sts-4.13.0.RELEASE\plugins\org.eclipse.justj.openjdk.hotspot.jre.full.win32.x86_64_17.0.1.v20211116-1657\jre\bin\management.dll
0x00007ff8ad410000 - 0x00007ff8ad41b000 	C:\Users\Gabriel\Desktop\SpringToolsSuite4\sts-4.13.0.RELEASE\plugins\org.eclipse.justj.openjdk.hotspot.jre.full.win32.x86_64_17.0.1.v20211116-1657\jre\bin\management_ext.dll
0x00007ff89f520000 - 0x00007ff89f537000 	C:\WINDOWS\system32\napinsp.dll
0x00007ff89f3b0000 - 0x00007ff89f3cb000 	C:\WINDOWS\system32\pnrpnsp.dll
0x00007ff89f390000 - 0x00007ff89f3a5000 	C:\WINDOWS\system32\wshbth.dll
0x00007ff8af900000 - 0x00007ff8af91d000 	C:\WINDOWS\system32\NLAapi.dll
0x00007ff8b3310000 - 0x00007ff8b334b000 	C:\WINDOWS\SYSTEM32\IPHLPAPI.DLL
0x00007ff8b3360000 - 0x00007ff8b342b000 	C:\WINDOWS\SYSTEM32\DNSAPI.dll
0x00007ff8b58f0000 - 0x00007ff8b58f8000 	C:\WINDOWS\System32\NSI.dll
0x00007ff89ed30000 - 0x00007ff89ed42000 	C:\WINDOWS\System32\winrnr.dll
0x00007ff8a5f50000 - 0x00007ff8a5f5a000 	C:\Windows\System32\rasadhlp.dll
0x00007ff8a70e0000 - 0x00007ff8a715f000 	C:\WINDOWS\System32\fwpuclnt.dll
0x00007ff8b47c0000 - 0x00007ff8b47e7000 	C:\WINDOWS\System32\bcrypt.dll
0x00007ff8b3860000 - 0x00007ff8b3878000 	C:\WINDOWS\SYSTEM32\CRYPTSP.dll
0x00007ff8b2f20000 - 0x00007ff8b2f54000 	C:\WINDOWS\system32\rsaenh.dll
0x00007ff8b3d80000 - 0x00007ff8b3dae000 	C:\WINDOWS\SYSTEM32\USERENV.dll
0x00007ff8b3880000 - 0x00007ff8b388c000 	C:\WINDOWS\SYSTEM32\CRYPTBASE.dll
0x00007ff8ad7c0000 - 0x00007ff8ad7d7000 	C:\WINDOWS\SYSTEM32\dhcpcsvc6.DLL
0x00007ff8ad7a0000 - 0x00007ff8ad7bd000 	C:\WINDOWS\SYSTEM32\dhcpcsvc.DLL
0x00007ff8afac0000 - 0x00007ff8afad0000 	C:\Users\Gabriel\Desktop\SpringToolsSuite4\sts-4.13.0.RELEASE\plugins\org.eclipse.justj.openjdk.hotspot.jre.full.win32.x86_64_17.0.1.v20211116-1657\jre\bin\verify.dll
0x00007ff8a9aa0000 - 0x00007ff8a9aae000 	C:\Users\Gabriel\Desktop\SpringToolsSuite4\sts-4.13.0.RELEASE\plugins\org.eclipse.justj.openjdk.hotspot.jre.full.win32.x86_64_17.0.1.v20211116-1657\jre\bin\sunmscapi.dll
0x00007ff8b45b0000 - 0x00007ff8b4706000 	C:\WINDOWS\System32\CRYPT32.dll
0x00007ff8b3980000 - 0x00007ff8b39a7000 	C:\WINDOWS\SYSTEM32\ncrypt.dll
0x00007ff8b3940000 - 0x00007ff8b397b000 	C:\WINDOWS\SYSTEM32\NTASN1.dll

dbghelp: loaded successfully - version: 4.0.5 - missing functions: none
symbol engine: initialized successfully - sym options: 0x614 - pdb path: .;C:\Users\Gabriel\Desktop\SpringToolsSuite4\sts-4.13.0.RELEASE\plugins\org.eclipse.justj.openjdk.hotspot.jre.full.win32.x86_64_17.0.1.v20211116-1657\jre\bin;C:\WINDOWS\SYSTEM32;C:\WINDOWS\WinSxS\amd64_microsoft.windows.common-controls_6595b64144ccf1df_6.0.19041.1110_none_60b5254171f9507e;C:\Users\Gabriel\Desktop\SpringToolsSuite4\sts-4.13.0.RELEASE\plugins\org.eclipse.justj.openjdk.hotspot.jre.full.win32.x86_64_17.0.1.v20211116-1657\jre\bin\server

VM Arguments:
jvm_args: -Dcom.sun.management.jmxremote -Dcom.sun.management.jmxremote.port=51886 -Dcom.sun.management.jmxremote.authenticate=false -Dcom.sun.management.jmxremote.ssl=false -Djava.rmi.server.hostname=localhost -Dspring.jmx.enabled=true -Dspring.application.admin.enabled=true -XX:TieredStopAtLevel=1 -Dspring.boot.project.name=blogpessoal -Dfile.encoding=UTF-8 -XX:+ShowCodeDetailsInExceptionMessages 
java_command: br.org.generation.blogpessoal.BlogpessoalApplication --spring.output.ansi.enabled=always
java_class_path (initial): C:\Users\Gabriel\Documents\workspace-spring-tool-suite-4-4.13.0.RELEASE\blogpessoal\target\classes;C:\Users\Gabriel\.m2\repository\org\springframework\boot\spring-boot-starter-data-jpa\2.6.2\spring-boot-starter-data-jpa-2.6.2.jar;C:\Users\Gabriel\.m2\repository\org\springframework\boot\spring-boot-starter-aop\2.6.2\spring-boot-starter-aop-2.6.2.jar;C:\Users\Gabriel\.m2\repository\org\aspectj\aspectjweaver\1.9.7\aspectjweaver-1.9.7.jar;C:\Users\Gabriel\.m2\repository\org\springframework\boot\spring-boot-starter-jdbc\2.6.2\spring-boot-starter-jdbc-2.6.2.jar;C:\Users\Gabriel\.m2\repository\com\zaxxer\HikariCP\4.0.3\HikariCP-4.0.3.jar;C:\Users\Gabriel\.m2\repository\org\springframework\spring-jdbc\5.3.14\spring-jdbc-5.3.14.jar;C:\Users\Gabriel\.m2\repository\jakarta\transaction\jakarta.transaction-api\1.3.3\jakarta.transaction-api-1.3.3.jar;C:\Users\Gabriel\.m2\repository\jakarta\persistence\jakarta.persistence-api\2.2.3\jakarta.persistence-api-2.2.3.jar;C:\Users\Gabriel\.m2\repository\org\hibernate\hibernate-core\5.6.3.Final\hibernate-core-5.6.3.Final.jar;C:\Users\Gabriel\.m2\repository\org\jboss\logging\jboss-logging\3.4.2.Final\jboss-logging-3.4.2.Final.jar;C:\Users\Gabriel\.m2\repository\net\bytebuddy\byte-buddy\1.11.22\byte-buddy-1.11.22.jar;C:\Users\Gabriel\.m2\repository\antlr\antlr\2.7.7\antlr-2.7.7.jar;C:\Users\Gabriel\.m2\repository\org\jboss\jandex\2.2.3.Final\jandex-2.2.3.Final.jar;C:\Users\Gabriel\.m2\repository\com\fasterxml\classmate\1.5.1\classmate-1.5.1.jar;C:\Users\Gabriel\.m2\repository\org\hibernate\common\hibernate-commons-annotations\5.1.2.Final\hibernate-commons-annotations-5.1.2.Final.jar;C:\Users\Gabriel\.m2\repository\org\glassfish\jaxb\jaxb-runtime\2.3.5\jaxb-runtime-2.3.5.jar;C:\Users\Gabriel\.m2\repository\org\glassfish\jaxb\txw2\2.3.5\txw2-2.3.5.jar;C:\Users\Gabriel\.m2\repository\com\sun\istack\istack-commons-runtime\3.0.12\istack-commons-runtime-3.0.12.jar;C:\Users\Gabriel\.m2\repository\com\sun\activation\jak
Launcher Type: SUN_STANDARD

[Global flags]
     intx CICompilerCount                          = 3                                         {product} {ergonomic}
     uint ConcGCThreads                            = 1                                         {product} {ergonomic}
     uint G1ConcRefinementThreads                  = 4                                         {product} {ergonomic}
   size_t G1HeapRegionSize                         = 1048576                                   {product} {ergonomic}
    uintx GCDrainStackTargetSize                   = 64                                        {product} {ergonomic}
   size_t InitialHeapSize                          = 67108864                                  {product} {ergonomic}
     bool ManagementServer                         = true                                      {product} {command line}
   size_t MarkStackSize                            = 4194304                                   {product} {ergonomic}
   size_t MaxHeapSize                              = 1065353216                                {product} {ergonomic}
   size_t MaxNewSize                               = 638582784                                 {product} {ergonomic}
   size_t MinHeapDeltaBytes                        = 1048576                                   {product} {ergonomic}
   size_t MinHeapSize                              = 8388608                                   {product} {ergonomic}
    uintx NonProfiledCodeHeapSize                  = 0                                      {pd product} {ergonomic}
     bool ProfileInterpreter                       = false                                  {pd product} {command line}
    uintx ProfiledCodeHeapSize                     = 0                                      {pd product} {ergonomic}
     bool ShowCodeDetailsInExceptionMessages       = true                                   {manageable} {command line}
   size_t SoftMaxHeapSize                          = 1065353216                             {manageable} {ergonomic}
     intx TieredStopAtLevel                        = 1                                         {product} {command line}
     bool UseCompressedClassPointers               = true                           {product lp64_product} {ergonomic}
     bool UseCompressedOops                        = true                           {product lp64_product} {ergonomic}
     bool UseG1GC                                  = true                                      {product} {ergonomic}
     bool UseLargePagesIndividualAllocation        = false                                  {pd product} {ergonomic}

Logging:
Log output configuration:
 #0: stdout all=warning uptime,level,tags
 #1: stderr all=off uptime,level,tags

Environment Variables:
PATH=C:/Users/Gabriel/Desktop/SpringToolsSuite4/sts-4.13.0.RELEASE//plugins/org.eclipse.justj.openjdk.hotspot.jre.full.win32.x86_64_17.0.1.v20211116-1657/jre/bin/server;C:/Users/Gabriel/Desktop/SpringToolsSuite4/sts-4.13.0.RELEASE//plugins/org.eclipse.justj.openjdk.hotspot.jre.full.win32.x86_64_17.0.1.v20211116-1657/jre/bin;C:\Program Files\Common Files\Oracle\Java\javapath;C:\WINDOWS\system32;C:\WINDOWS;C:\WINDOWS\System32\Wbem;C:\WINDOWS\System32\WindowsPowerShell\v1.0\;C:\WINDOWS\System32\OpenSSH\;C:\ProgramData\UNIVALI\Portugol Studio;C:\Program Files\Git\cmd;C:\Users\Gabriel\AppData\Local\Microsoft\WindowsApps;;C:\Users\Gabriel\Desktop\SpringToolsSuite4\sts-4.13.0.RELEASE;
USERNAME=Gabriel
OS=Windows_NT
PROCESSOR_IDENTIFIER=Intel64 Family 6 Model 58 Stepping 9, GenuineIntel



---------------  S Y S T E M  ---------------

OS:
 Windows 10 , 64 bit Build 19041 (10.0.19041.1466)
OS uptime: 0 days 2:26 hours

CPU: total 4 (initial active 4) (4 cores per cpu, 1 threads per core) family 6 model 58 stepping 9 microcode 0x21, cx8, cmov, fxsr, mmx, sse, sse2, sse3, ssse3, sse4.1, sse4.2, popcnt, tsc, tscinvbit, avx, aes, erms, clmul, vzeroupper, clflush

Memory: 4k page, system-wide physical 4061M (299M free)
TotalPageFile size 5719M (AvailPageFile size 1M)
current process WorkingSet (physical memory assigned to process): 224M, peak: 224M
current process commit charge ("private bytes"): 250M, peak: 250M

vm_info: OpenJDK 64-Bit Server VM (17.0.1+12) for windows-amd64 JRE (17.0.1+12), built on Oct 20 2021 07:42:55 by "" with MS VC++ 16.7 (VS2019)

END.
